error: uncaughtException: тип Unable to compile TypeScript:
[96msrc/controllers/UserController/index.ts[0m:[93m73[0m:[93m8[0m - [91merror[0m[90m TS2339: [0mProperty 'status' does not exist on type 'IUserModel & { _id: ObjectId; }'.

[7m73[0m   user.status = !user.status;
[7m  [0m [91m       ~~~~~~[0m
[96msrc/controllers/UserController/index.ts[0m:[93m73[0m:[93m23[0m - [91merror[0m[90m TS2339: [0mProperty 'status' does not exist on type 'IUserModel & { _id: ObjectId; }'.

[7m73[0m   user.status = !user.status;
[7m  [0m [91m                      ~~~~~~[0m
[96msrc/controllers/UserController/index.ts[0m:[93m79[0m:[93m19[0m - [91merror[0m[90m TS2339: [0mProperty 'status' does not exist on type 'IUserModel & { _id: ObjectId; }'.

[7m79[0m     message: user.status ? ResponseMessage.DEACTIVATE_USER : ResponseMessage.ACTIVATE_USER,
[7m  [0m [91m                  ~~~~~~[0m

TSError: тип Unable to compile TypeScript:
[96msrc/controllers/UserController/index.ts[0m:[93m73[0m:[93m8[0m - [91merror[0m[90m TS2339: [0mProperty 'status' does not exist on type 'IUserModel & { _id: ObjectId; }'.

[7m73[0m   user.status = !user.status;
[7m  [0m [91m       ~~~~~~[0m
[96msrc/controllers/UserController/index.ts[0m:[93m73[0m:[93m23[0m - [91merror[0m[90m TS2339: [0mProperty 'status' does not exist on type 'IUserModel & { _id: ObjectId; }'.

[7m73[0m   user.status = !user.status;
[7m  [0m [91m                      ~~~~~~[0m
[96msrc/controllers/UserController/index.ts[0m:[93m79[0m:[93m19[0m - [91merror[0m[90m TS2339: [0mProperty 'status' does not exist on type 'IUserModel & { _id: ObjectId; }'.

[7m79[0m     message: user.status ? ResponseMessage.DEACTIVATE_USER : ResponseMessage.ACTIVATE_USER,
[7m  [0m [91m                  ~~~~~~[0m

    at createTSError (/Users/macbook/Desktop/users-service/node_modules/ts-node/src/index.ts:859:12)
    at reportTSError (/Users/macbook/Desktop/users-service/node_modules/ts-node/src/index.ts:863:19)
    at getOutput (/Users/macbook/Desktop/users-service/node_modules/ts-node/src/index.ts:1077:36)
    at Object.compile (/Users/macbook/Desktop/users-service/node_modules/ts-node/src/index.ts:1433:41)
    at Module.m._compile (/Users/macbook/Desktop/users-service/node_modules/ts-node/src/index.ts:1617:30)
    at Module._extensions..js (node:internal/modules/cjs/loader:1414:10)
    at Object.require.extensions.<computed> [as .ts] (/Users/macbook/Desktop/users-service/node_modules/ts-node/src/index.ts:1621:12)
    at Module.load (node:internal/modules/cjs/loader:1197:32)
    at Function.Module._load (node:internal/modules/cjs/loader:1013:12)
    at Module.require (node:internal/modules/cjs/loader:1225:19) [unkown-service] development 2024-07-09T01:21:38.051Z
[31merror[39m: uncaughtException: тип Unable to compile TypeScript:
[96msrc/controllers/UserController/index.ts[0m:[93m73[0m:[93m8[0m - [91merror[0m[90m TS2339: [0mProperty 'status' does not exist on type 'IUserModel & { _id: ObjectId; }'.

[7m73[0m   user.status = !user.status;
[7m  [0m [91m       ~~~~~~[0m
[96msrc/controllers/UserController/index.ts[0m:[93m73[0m:[93m23[0m - [91merror[0m[90m TS2339: [0mProperty 'status' does not exist on type 'IUserModel & { _id: ObjectId; }'.

[7m73[0m   user.status = !user.status;
[7m  [0m [91m                      ~~~~~~[0m
[96msrc/controllers/UserController/index.ts[0m:[93m79[0m:[93m19[0m - [91merror[0m[90m TS2339: [0mProperty 'status' does not exist on type 'IUserModel & { _id: ObjectId; }'.

[7m79[0m     message: user.status ? ResponseMessage.DEACTIVATE_USER : ResponseMessage.ACTIVATE_USER,
[7m  [0m [91m                  ~~~~~~[0m

TSError: тип Unable to compile TypeScript:
[96msrc/controllers/UserController/index.ts[0m:[93m73[0m:[93m8[0m - [91merror[0m[90m TS2339: [0mProperty 'status' does not exist on type 'IUserModel & { _id: ObjectId; }'.

[7m73[0m   user.status = !user.status;
[7m  [0m [91m       ~~~~~~[0m
[96msrc/controllers/UserController/index.ts[0m:[93m73[0m:[93m23[0m - [91merror[0m[90m TS2339: [0mProperty 'status' does not exist on type 'IUserModel & { _id: ObjectId; }'.

[7m73[0m   user.status = !user.status;
[7m  [0m [91m                      ~~~~~~[0m
[96msrc/controllers/UserController/index.ts[0m:[93m79[0m:[93m19[0m - [91merror[0m[90m TS2339: [0mProperty 'status' does not exist on type 'IUserModel & { _id: ObjectId; }'.

[7m79[0m     message: user.status ? ResponseMessage.DEACTIVATE_USER : ResponseMessage.ACTIVATE_USER,
[7m  [0m [91m                  ~~~~~~[0m

    at createTSError (/Users/macbook/Desktop/users-service/node_modules/ts-node/src/index.ts:859:12)
    at reportTSError (/Users/macbook/Desktop/users-service/node_modules/ts-node/src/index.ts:863:19)
    at getOutput (/Users/macbook/Desktop/users-service/node_modules/ts-node/src/index.ts:1077:36)
    at Object.compile (/Users/macbook/Desktop/users-service/node_modules/ts-node/src/index.ts:1433:41)
    at Module.m._compile (/Users/macbook/Desktop/users-service/node_modules/ts-node/src/index.ts:1617:30)
    at Module._extensions..js (node:internal/modules/cjs/loader:1414:10)
    at Object.require.extensions.<computed> [as .ts] (/Users/macbook/Desktop/users-service/node_modules/ts-node/src/index.ts:1621:12)
    at Module.load (node:internal/modules/cjs/loader:1197:32)
    at Function.Module._load (node:internal/modules/cjs/loader:1013:12)
    at Module.require (node:internal/modules/cjs/loader:1225:19) [unkown-service] development 2024-07-09 02:21:38
[31merror[39m: uncaughtException: тип Unable to compile TypeScript:
[96msrc/controllers/UserController/index.ts[0m:[93m73[0m:[93m8[0m - [91merror[0m[90m TS2339: [0mProperty 'status' does not exist on type 'IUserModel & { _id: ObjectId; }'.

[7m73[0m   user.status = !user.status;
[7m  [0m [91m       ~~~~~~[0m
[96msrc/controllers/UserController/index.ts[0m:[93m73[0m:[93m23[0m - [91merror[0m[90m TS2339: [0mProperty 'status' does not exist on type 'IUserModel & { _id: ObjectId; }'.

[7m73[0m   user.status = !user.status;
[7m  [0m [91m                      ~~~~~~[0m
[96msrc/controllers/UserController/index.ts[0m:[93m79[0m:[93m19[0m - [91merror[0m[90m TS2339: [0mProperty 'status' does not exist on type 'IUserModel & { _id: ObjectId; }'.

[7m79[0m     message: user.status
[7m  [0m [91m                  ~~~~~~[0m

TSError: тип Unable to compile TypeScript:
[96msrc/controllers/UserController/index.ts[0m:[93m73[0m:[93m8[0m - [91merror[0m[90m TS2339: [0mProperty 'status' does not exist on type 'IUserModel & { _id: ObjectId; }'.

[7m73[0m   user.status = !user.status;
[7m  [0m [91m       ~~~~~~[0m
[96msrc/controllers/UserController/index.ts[0m:[93m73[0m:[93m23[0m - [91merror[0m[90m TS2339: [0mProperty 'status' does not exist on type 'IUserModel & { _id: ObjectId; }'.

[7m73[0m   user.status = !user.status;
[7m  [0m [91m                      ~~~~~~[0m
[96msrc/controllers/UserController/index.ts[0m:[93m79[0m:[93m19[0m - [91merror[0m[90m TS2339: [0mProperty 'status' does not exist on type 'IUserModel & { _id: ObjectId; }'.

[7m79[0m     message: user.status
[7m  [0m [91m                  ~~~~~~[0m

    at createTSError (/Users/macbook/Desktop/users-service/node_modules/ts-node/src/index.ts:859:12)
    at reportTSError (/Users/macbook/Desktop/users-service/node_modules/ts-node/src/index.ts:863:19)
    at getOutput (/Users/macbook/Desktop/users-service/node_modules/ts-node/src/index.ts:1077:36)
    at Object.compile (/Users/macbook/Desktop/users-service/node_modules/ts-node/src/index.ts:1433:41)
    at Module.m._compile (/Users/macbook/Desktop/users-service/node_modules/ts-node/src/index.ts:1617:30)
    at Module._extensions..js (node:internal/modules/cjs/loader:1414:10)
    at Object.require.extensions.<computed> [as .ts] (/Users/macbook/Desktop/users-service/node_modules/ts-node/src/index.ts:1621:12)
    at Module.load (node:internal/modules/cjs/loader:1197:32)
    at Function.Module._load (node:internal/modules/cjs/loader:1013:12)
    at Module.require (node:internal/modules/cjs/loader:1225:19) [unkown-service] development 2024-07-09 02:23:44
[31merror[39m: uncaughtException: тип Unable to compile TypeScript:
[96msrc/controllers/UserController/index.ts[0m:[93m73[0m:[93m8[0m - [91merror[0m[90m TS2339: [0mProperty 'status' does not exist on type 'IUserModel & { _id: ObjectId; }'.

[7m73[0m   user.status = !user.status;
[7m  [0m [91m       ~~~~~~[0m
[96msrc/controllers/UserController/index.ts[0m:[93m73[0m:[93m23[0m - [91merror[0m[90m TS2339: [0mProperty 'status' does not exist on type 'IUserModel & { _id: ObjectId; }'.

[7m73[0m   user.status = !user.status;
[7m  [0m [91m                      ~~~~~~[0m
[96msrc/controllers/UserController/index.ts[0m:[93m79[0m:[93m19[0m - [91merror[0m[90m TS2339: [0mProperty 'status' does not exist on type 'IUserModel & { _id: ObjectId; }'.

[7m79[0m     message: user.status
[7m  [0m [91m                  ~~~~~~[0m

TSError: тип Unable to compile TypeScript:
[96msrc/controllers/UserController/index.ts[0m:[93m73[0m:[93m8[0m - [91merror[0m[90m TS2339: [0mProperty 'status' does not exist on type 'IUserModel & { _id: ObjectId; }'.

[7m73[0m   user.status = !user.status;
[7m  [0m [91m       ~~~~~~[0m
[96msrc/controllers/UserController/index.ts[0m:[93m73[0m:[93m23[0m - [91merror[0m[90m TS2339: [0mProperty 'status' does not exist on type 'IUserModel & { _id: ObjectId; }'.

[7m73[0m   user.status = !user.status;
[7m  [0m [91m                      ~~~~~~[0m
[96msrc/controllers/UserController/index.ts[0m:[93m79[0m:[93m19[0m - [91merror[0m[90m TS2339: [0mProperty 'status' does not exist on type 'IUserModel & { _id: ObjectId; }'.

[7m79[0m     message: user.status
[7m  [0m [91m                  ~~~~~~[0m

    at createTSError (/Users/macbook/Desktop/users-service/node_modules/ts-node/src/index.ts:859:12)
    at reportTSError (/Users/macbook/Desktop/users-service/node_modules/ts-node/src/index.ts:863:19)
    at getOutput (/Users/macbook/Desktop/users-service/node_modules/ts-node/src/index.ts:1077:36)
    at Object.compile (/Users/macbook/Desktop/users-service/node_modules/ts-node/src/index.ts:1433:41)
    at Module.m._compile (/Users/macbook/Desktop/users-service/node_modules/ts-node/src/index.ts:1617:30)
    at Module._extensions..js (node:internal/modules/cjs/loader:1414:10)
    at Object.require.extensions.<computed> [as .ts] (/Users/macbook/Desktop/users-service/node_modules/ts-node/src/index.ts:1621:12)
    at Module.load (node:internal/modules/cjs/loader:1197:32)
    at Function.Module._load (node:internal/modules/cjs/loader:1013:12)
    at Module.require (node:internal/modules/cjs/loader:1225:19) [unkown-service] development 2024-07-09 02:24:55
error: uncaughtException: тип Unable to compile TypeScript:
[96msrc/controllers/UserController/index.ts[0m:[93m73[0m:[93m8[0m - [91merror[0m[90m TS2339: [0mProperty 'status' does not exist on type 'IUserModel & { _id: ObjectId; }'.

[7m73[0m   user.status = !user.status;
[7m  [0m [91m       ~~~~~~[0m
[96msrc/controllers/UserController/index.ts[0m:[93m73[0m:[93m23[0m - [91merror[0m[90m TS2339: [0mProperty 'status' does not exist on type 'IUserModel & { _id: ObjectId; }'.

[7m73[0m   user.status = !user.status;
[7m  [0m [91m                      ~~~~~~[0m
[96msrc/controllers/UserController/index.ts[0m:[93m79[0m:[93m19[0m - [91merror[0m[90m TS2339: [0mProperty 'status' does not exist on type 'IUserModel & { _id: ObjectId; }'.

[7m79[0m     message: user.status
[7m  [0m [91m                  ~~~~~~[0m

TSError: тип Unable to compile TypeScript:
[96msrc/controllers/UserController/index.ts[0m:[93m73[0m:[93m8[0m - [91merror[0m[90m TS2339: [0mProperty 'status' does not exist on type 'IUserModel & { _id: ObjectId; }'.

[7m73[0m   user.status = !user.status;
[7m  [0m [91m       ~~~~~~[0m
[96msrc/controllers/UserController/index.ts[0m:[93m73[0m:[93m23[0m - [91merror[0m[90m TS2339: [0mProperty 'status' does not exist on type 'IUserModel & { _id: ObjectId; }'.

[7m73[0m   user.status = !user.status;
[7m  [0m [91m                      ~~~~~~[0m
[96msrc/controllers/UserController/index.ts[0m:[93m79[0m:[93m19[0m - [91merror[0m[90m TS2339: [0mProperty 'status' does not exist on type 'IUserModel & { _id: ObjectId; }'.

[7m79[0m     message: user.status
[7m  [0m [91m                  ~~~~~~[0m

    at createTSError (/Users/macbook/Desktop/users-service/node_modules/ts-node/src/index.ts:859:12)
    at reportTSError (/Users/macbook/Desktop/users-service/node_modules/ts-node/src/index.ts:863:19)
    at getOutput (/Users/macbook/Desktop/users-service/node_modules/ts-node/src/index.ts:1077:36)
    at Object.compile (/Users/macbook/Desktop/users-service/node_modules/ts-node/src/index.ts:1433:41)
    at Module.m._compile (/Users/macbook/Desktop/users-service/node_modules/ts-node/src/index.ts:1617:30)
    at Module._extensions..js (node:internal/modules/cjs/loader:1414:10)
    at Object.require.extensions.<computed> [as .ts] (/Users/macbook/Desktop/users-service/node_modules/ts-node/src/index.ts:1621:12)
    at Module.load (node:internal/modules/cjs/loader:1197:32)
    at Function.Module._load (node:internal/modules/cjs/loader:1013:12)
    at Module.require (node:internal/modules/cjs/loader:1225:19) [unkown-service] development 2024-07-09T01:24:55.716Z
[31merror[39m: uncaughtException: тип Unable to compile TypeScript:
[96msrc/controllers/UserController/index.ts[0m:[93m73[0m:[93m8[0m - [91merror[0m[90m TS2339: [0mProperty 'status' does not exist on type 'IUserModel & { _id: ObjectId; }'.

[7m73[0m   user.status = !user.status;
[7m  [0m [91m       ~~~~~~[0m
[96msrc/controllers/UserController/index.ts[0m:[93m73[0m:[93m23[0m - [91merror[0m[90m TS2339: [0mProperty 'status' does not exist on type 'IUserModel & { _id: ObjectId; }'.

[7m73[0m   user.status = !user.status;
[7m  [0m [91m                      ~~~~~~[0m
[96msrc/controllers/UserController/index.ts[0m:[93m79[0m:[93m19[0m - [91merror[0m[90m TS2339: [0mProperty 'status' does not exist on type 'IUserModel & { _id: ObjectId; }'.

[7m79[0m     message: user.status
[7m  [0m [91m                  ~~~~~~[0m

TSError: тип Unable to compile TypeScript:
[96msrc/controllers/UserController/index.ts[0m:[93m73[0m:[93m8[0m - [91merror[0m[90m TS2339: [0mProperty 'status' does not exist on type 'IUserModel & { _id: ObjectId; }'.

[7m73[0m   user.status = !user.status;
[7m  [0m [91m       ~~~~~~[0m
[96msrc/controllers/UserController/index.ts[0m:[93m73[0m:[93m23[0m - [91merror[0m[90m TS2339: [0mProperty 'status' does not exist on type 'IUserModel & { _id: ObjectId; }'.

[7m73[0m   user.status = !user.status;
[7m  [0m [91m                      ~~~~~~[0m
[96msrc/controllers/UserController/index.ts[0m:[93m79[0m:[93m19[0m - [91merror[0m[90m TS2339: [0mProperty 'status' does not exist on type 'IUserModel & { _id: ObjectId; }'.

[7m79[0m     message: user.status
[7m  [0m [91m                  ~~~~~~[0m

    at createTSError (/Users/macbook/Desktop/users-service/node_modules/ts-node/src/index.ts:859:12)
    at reportTSError (/Users/macbook/Desktop/users-service/node_modules/ts-node/src/index.ts:863:19)
    at getOutput (/Users/macbook/Desktop/users-service/node_modules/ts-node/src/index.ts:1077:36)
    at Object.compile (/Users/macbook/Desktop/users-service/node_modules/ts-node/src/index.ts:1433:41)
    at Module.m._compile (/Users/macbook/Desktop/users-service/node_modules/ts-node/src/index.ts:1617:30)
    at Module._extensions..js (node:internal/modules/cjs/loader:1414:10)
    at Object.require.extensions.<computed> [as .ts] (/Users/macbook/Desktop/users-service/node_modules/ts-node/src/index.ts:1621:12)
    at Module.load (node:internal/modules/cjs/loader:1197:32)
    at Function.Module._load (node:internal/modules/cjs/loader:1013:12)
    at Module.require (node:internal/modules/cjs/loader:1225:19) [unkown-service] development 2024-07-09 02:25:15
error: uncaughtException: тип Unable to compile TypeScript:
[96msrc/controllers/UserController/index.ts[0m:[93m73[0m:[93m8[0m - [91merror[0m[90m TS2339: [0mProperty 'status' does not exist on type 'IUserModel & { _id: ObjectId; }'.

[7m73[0m   user.status = !user.status;
[7m  [0m [91m       ~~~~~~[0m
[96msrc/controllers/UserController/index.ts[0m:[93m73[0m:[93m23[0m - [91merror[0m[90m TS2339: [0mProperty 'status' does not exist on type 'IUserModel & { _id: ObjectId; }'.

[7m73[0m   user.status = !user.status;
[7m  [0m [91m                      ~~~~~~[0m
[96msrc/controllers/UserController/index.ts[0m:[93m79[0m:[93m19[0m - [91merror[0m[90m TS2339: [0mProperty 'status' does not exist on type 'IUserModel & { _id: ObjectId; }'.

[7m79[0m     message: user.status
[7m  [0m [91m                  ~~~~~~[0m

TSError: тип Unable to compile TypeScript:
[96msrc/controllers/UserController/index.ts[0m:[93m73[0m:[93m8[0m - [91merror[0m[90m TS2339: [0mProperty 'status' does not exist on type 'IUserModel & { _id: ObjectId; }'.

[7m73[0m   user.status = !user.status;
[7m  [0m [91m       ~~~~~~[0m
[96msrc/controllers/UserController/index.ts[0m:[93m73[0m:[93m23[0m - [91merror[0m[90m TS2339: [0mProperty 'status' does not exist on type 'IUserModel & { _id: ObjectId; }'.

[7m73[0m   user.status = !user.status;
[7m  [0m [91m                      ~~~~~~[0m
[96msrc/controllers/UserController/index.ts[0m:[93m79[0m:[93m19[0m - [91merror[0m[90m TS2339: [0mProperty 'status' does not exist on type 'IUserModel & { _id: ObjectId; }'.

[7m79[0m     message: user.status
[7m  [0m [91m                  ~~~~~~[0m

    at createTSError (/Users/macbook/Desktop/users-service/node_modules/ts-node/src/index.ts:859:12)
    at reportTSError (/Users/macbook/Desktop/users-service/node_modules/ts-node/src/index.ts:863:19)
    at getOutput (/Users/macbook/Desktop/users-service/node_modules/ts-node/src/index.ts:1077:36)
    at Object.compile (/Users/macbook/Desktop/users-service/node_modules/ts-node/src/index.ts:1433:41)
    at Module.m._compile (/Users/macbook/Desktop/users-service/node_modules/ts-node/src/index.ts:1617:30)
    at Module._extensions..js (node:internal/modules/cjs/loader:1414:10)
    at Object.require.extensions.<computed> [as .ts] (/Users/macbook/Desktop/users-service/node_modules/ts-node/src/index.ts:1621:12)
    at Module.load (node:internal/modules/cjs/loader:1197:32)
    at Function.Module._load (node:internal/modules/cjs/loader:1013:12)
    at Module.require (node:internal/modules/cjs/loader:1225:19) [unkown-service] development 2024-07-09T01:25:15.655Z
[31merror[39m: uncaughtException: тип Unable to compile TypeScript:
[96msrc/controllers/UserController/index.ts[0m:[93m73[0m:[93m8[0m - [91merror[0m[90m TS2339: [0mProperty 'status' does not exist on type 'IUserModel & { _id: ObjectId; }'.

[7m73[0m   user.status = !user.status;
[7m  [0m [91m       ~~~~~~[0m
[96msrc/controllers/UserController/index.ts[0m:[93m73[0m:[93m23[0m - [91merror[0m[90m TS2339: [0mProperty 'status' does not exist on type 'IUserModel & { _id: ObjectId; }'.

[7m73[0m   user.status = !user.status;
[7m  [0m [91m                      ~~~~~~[0m
[96msrc/controllers/UserController/index.ts[0m:[93m79[0m:[93m19[0m - [91merror[0m[90m TS2339: [0mProperty 'status' does not exist on type 'IUserModel & { _id: ObjectId; }'.

[7m79[0m     message: user.status
[7m  [0m [91m                  ~~~~~~[0m

TSError: тип Unable to compile TypeScript:
[96msrc/controllers/UserController/index.ts[0m:[93m73[0m:[93m8[0m - [91merror[0m[90m TS2339: [0mProperty 'status' does not exist on type 'IUserModel & { _id: ObjectId; }'.

[7m73[0m   user.status = !user.status;
[7m  [0m [91m       ~~~~~~[0m
[96msrc/controllers/UserController/index.ts[0m:[93m73[0m:[93m23[0m - [91merror[0m[90m TS2339: [0mProperty 'status' does not exist on type 'IUserModel & { _id: ObjectId; }'.

[7m73[0m   user.status = !user.status;
[7m  [0m [91m                      ~~~~~~[0m
[96msrc/controllers/UserController/index.ts[0m:[93m79[0m:[93m19[0m - [91merror[0m[90m TS2339: [0mProperty 'status' does not exist on type 'IUserModel & { _id: ObjectId; }'.

[7m79[0m     message: user.status
[7m  [0m [91m                  ~~~~~~[0m

    at createTSError (/Users/macbook/Desktop/users-service/node_modules/ts-node/src/index.ts:859:12)
    at reportTSError (/Users/macbook/Desktop/users-service/node_modules/ts-node/src/index.ts:863:19)
    at getOutput (/Users/macbook/Desktop/users-service/node_modules/ts-node/src/index.ts:1077:36)
    at Object.compile (/Users/macbook/Desktop/users-service/node_modules/ts-node/src/index.ts:1433:41)
    at Module.m._compile (/Users/macbook/Desktop/users-service/node_modules/ts-node/src/index.ts:1617:30)
    at Module._extensions..js (node:internal/modules/cjs/loader:1414:10)
    at Object.require.extensions.<computed> [as .ts] (/Users/macbook/Desktop/users-service/node_modules/ts-node/src/index.ts:1621:12)
    at Module.load (node:internal/modules/cjs/loader:1197:32)
    at Function.Module._load (node:internal/modules/cjs/loader:1013:12)
    at Module.require (node:internal/modules/cjs/loader:1225:19) [unkown-service] development 2024-07-09 02:25:22
error: uncaughtException: тип Unable to compile TypeScript:
[96msrc/controllers/UserController/index.ts[0m:[93m73[0m:[93m8[0m - [91merror[0m[90m TS2339: [0mProperty 'status' does not exist on type 'IUserModel & { _id: ObjectId; }'.

[7m73[0m   user.status = !user.status;
[7m  [0m [91m       ~~~~~~[0m
[96msrc/controllers/UserController/index.ts[0m:[93m73[0m:[93m23[0m - [91merror[0m[90m TS2339: [0mProperty 'status' does not exist on type 'IUserModel & { _id: ObjectId; }'.

[7m73[0m   user.status = !user.status;
[7m  [0m [91m                      ~~~~~~[0m
[96msrc/controllers/UserController/index.ts[0m:[93m79[0m:[93m19[0m - [91merror[0m[90m TS2339: [0mProperty 'status' does not exist on type 'IUserModel & { _id: ObjectId; }'.

[7m79[0m     message: user.status
[7m  [0m [91m                  ~~~~~~[0m

TSError: тип Unable to compile TypeScript:
[96msrc/controllers/UserController/index.ts[0m:[93m73[0m:[93m8[0m - [91merror[0m[90m TS2339: [0mProperty 'status' does not exist on type 'IUserModel & { _id: ObjectId; }'.

[7m73[0m   user.status = !user.status;
[7m  [0m [91m       ~~~~~~[0m
[96msrc/controllers/UserController/index.ts[0m:[93m73[0m:[93m23[0m - [91merror[0m[90m TS2339: [0mProperty 'status' does not exist on type 'IUserModel & { _id: ObjectId; }'.

[7m73[0m   user.status = !user.status;
[7m  [0m [91m                      ~~~~~~[0m
[96msrc/controllers/UserController/index.ts[0m:[93m79[0m:[93m19[0m - [91merror[0m[90m TS2339: [0mProperty 'status' does not exist on type 'IUserModel & { _id: ObjectId; }'.

[7m79[0m     message: user.status
[7m  [0m [91m                  ~~~~~~[0m

    at createTSError (/Users/macbook/Desktop/users-service/node_modules/ts-node/src/index.ts:859:12)
    at reportTSError (/Users/macbook/Desktop/users-service/node_modules/ts-node/src/index.ts:863:19)
    at getOutput (/Users/macbook/Desktop/users-service/node_modules/ts-node/src/index.ts:1077:36)
    at Object.compile (/Users/macbook/Desktop/users-service/node_modules/ts-node/src/index.ts:1433:41)
    at Module.m._compile (/Users/macbook/Desktop/users-service/node_modules/ts-node/src/index.ts:1617:30)
    at Module._extensions..js (node:internal/modules/cjs/loader:1414:10)
    at Object.require.extensions.<computed> [as .ts] (/Users/macbook/Desktop/users-service/node_modules/ts-node/src/index.ts:1621:12)
    at Module.load (node:internal/modules/cjs/loader:1197:32)
    at Function.Module._load (node:internal/modules/cjs/loader:1013:12)
    at Module.require (node:internal/modules/cjs/loader:1225:19) [unkown-service] development 2024-07-09T01:25:22.061Z
[31merror[39m: uncaughtException: тип Unable to compile TypeScript:
[96msrc/controllers/UserController/index.ts[0m:[93m73[0m:[93m8[0m - [91merror[0m[90m TS2339: [0mProperty 'status' does not exist on type 'IUserModel & { _id: ObjectId; }'.

[7m73[0m   user.status = !user.status;
[7m  [0m [91m       ~~~~~~[0m
[96msrc/controllers/UserController/index.ts[0m:[93m73[0m:[93m23[0m - [91merror[0m[90m TS2339: [0mProperty 'status' does not exist on type 'IUserModel & { _id: ObjectId; }'.

[7m73[0m   user.status = !user.status;
[7m  [0m [91m                      ~~~~~~[0m
[96msrc/controllers/UserController/index.ts[0m:[93m79[0m:[93m19[0m - [91merror[0m[90m TS2339: [0mProperty 'status' does not exist on type 'IUserModel & { _id: ObjectId; }'.

[7m79[0m     message: user.status
[7m  [0m [91m                  ~~~~~~[0m

TSError: тип Unable to compile TypeScript:
[96msrc/controllers/UserController/index.ts[0m:[93m73[0m:[93m8[0m - [91merror[0m[90m TS2339: [0mProperty 'status' does not exist on type 'IUserModel & { _id: ObjectId; }'.

[7m73[0m   user.status = !user.status;
[7m  [0m [91m       ~~~~~~[0m
[96msrc/controllers/UserController/index.ts[0m:[93m73[0m:[93m23[0m - [91merror[0m[90m TS2339: [0mProperty 'status' does not exist on type 'IUserModel & { _id: ObjectId; }'.

[7m73[0m   user.status = !user.status;
[7m  [0m [91m                      ~~~~~~[0m
[96msrc/controllers/UserController/index.ts[0m:[93m79[0m:[93m19[0m - [91merror[0m[90m TS2339: [0mProperty 'status' does not exist on type 'IUserModel & { _id: ObjectId; }'.

[7m79[0m     message: user.status
[7m  [0m [91m                  ~~~~~~[0m

    at createTSError (/Users/macbook/Desktop/users-service/node_modules/ts-node/src/index.ts:859:12)
    at reportTSError (/Users/macbook/Desktop/users-service/node_modules/ts-node/src/index.ts:863:19)
    at getOutput (/Users/macbook/Desktop/users-service/node_modules/ts-node/src/index.ts:1077:36)
    at Object.compile (/Users/macbook/Desktop/users-service/node_modules/ts-node/src/index.ts:1433:41)
    at Module.m._compile (/Users/macbook/Desktop/users-service/node_modules/ts-node/src/index.ts:1617:30)
    at Module._extensions..js (node:internal/modules/cjs/loader:1414:10)
    at Object.require.extensions.<computed> [as .ts] (/Users/macbook/Desktop/users-service/node_modules/ts-node/src/index.ts:1621:12)
    at Module.load (node:internal/modules/cjs/loader:1197:32)
    at Function.Module._load (node:internal/modules/cjs/loader:1013:12)
    at Module.require (node:internal/modules/cjs/loader:1225:19) [unkown-service] development 2024-07-09 02:25:55
error: uncaughtException: тип Unable to compile TypeScript:
[96msrc/controllers/UserController/index.ts[0m:[93m73[0m:[93m8[0m - [91merror[0m[90m TS2339: [0mProperty 'status' does not exist on type 'IUserModel & { _id: ObjectId; }'.

[7m73[0m   user.status = !user.status;
[7m  [0m [91m       ~~~~~~[0m
[96msrc/controllers/UserController/index.ts[0m:[93m73[0m:[93m23[0m - [91merror[0m[90m TS2339: [0mProperty 'status' does not exist on type 'IUserModel & { _id: ObjectId; }'.

[7m73[0m   user.status = !user.status;
[7m  [0m [91m                      ~~~~~~[0m
[96msrc/controllers/UserController/index.ts[0m:[93m79[0m:[93m19[0m - [91merror[0m[90m TS2339: [0mProperty 'status' does not exist on type 'IUserModel & { _id: ObjectId; }'.

[7m79[0m     message: user.status
[7m  [0m [91m                  ~~~~~~[0m

TSError: тип Unable to compile TypeScript:
[96msrc/controllers/UserController/index.ts[0m:[93m73[0m:[93m8[0m - [91merror[0m[90m TS2339: [0mProperty 'status' does not exist on type 'IUserModel & { _id: ObjectId; }'.

[7m73[0m   user.status = !user.status;
[7m  [0m [91m       ~~~~~~[0m
[96msrc/controllers/UserController/index.ts[0m:[93m73[0m:[93m23[0m - [91merror[0m[90m TS2339: [0mProperty 'status' does not exist on type 'IUserModel & { _id: ObjectId; }'.

[7m73[0m   user.status = !user.status;
[7m  [0m [91m                      ~~~~~~[0m
[96msrc/controllers/UserController/index.ts[0m:[93m79[0m:[93m19[0m - [91merror[0m[90m TS2339: [0mProperty 'status' does not exist on type 'IUserModel & { _id: ObjectId; }'.

[7m79[0m     message: user.status
[7m  [0m [91m                  ~~~~~~[0m

    at createTSError (/Users/macbook/Desktop/users-service/node_modules/ts-node/src/index.ts:859:12)
    at reportTSError (/Users/macbook/Desktop/users-service/node_modules/ts-node/src/index.ts:863:19)
    at getOutput (/Users/macbook/Desktop/users-service/node_modules/ts-node/src/index.ts:1077:36)
    at Object.compile (/Users/macbook/Desktop/users-service/node_modules/ts-node/src/index.ts:1433:41)
    at Module.m._compile (/Users/macbook/Desktop/users-service/node_modules/ts-node/src/index.ts:1617:30)
    at Module._extensions..js (node:internal/modules/cjs/loader:1414:10)
    at Object.require.extensions.<computed> [as .ts] (/Users/macbook/Desktop/users-service/node_modules/ts-node/src/index.ts:1621:12)
    at Module.load (node:internal/modules/cjs/loader:1197:32)
    at Function.Module._load (node:internal/modules/cjs/loader:1013:12)
    at Module.require (node:internal/modules/cjs/loader:1225:19) [unkown-service] development 2024-07-09T01:25:55.246Z
[31merror[39m: uncaughtException: тип Unable to compile TypeScript:
[96msrc/controllers/UserController/index.ts[0m:[93m73[0m:[93m8[0m - [91merror[0m[90m TS2339: [0mProperty 'status' does not exist on type 'IUserModel & { _id: ObjectId; }'.

[7m73[0m   user.status = !user.status;
[7m  [0m [91m       ~~~~~~[0m
[96msrc/controllers/UserController/index.ts[0m:[93m73[0m:[93m23[0m - [91merror[0m[90m TS2339: [0mProperty 'status' does not exist on type 'IUserModel & { _id: ObjectId; }'.

[7m73[0m   user.status = !user.status;
[7m  [0m [91m                      ~~~~~~[0m
[96msrc/controllers/UserController/index.ts[0m:[93m79[0m:[93m19[0m - [91merror[0m[90m TS2339: [0mProperty 'status' does not exist on type 'IUserModel & { _id: ObjectId; }'.

[7m79[0m     message: user.status
[7m  [0m [91m                  ~~~~~~[0m

TSError: тип Unable to compile TypeScript:
[96msrc/controllers/UserController/index.ts[0m:[93m73[0m:[93m8[0m - [91merror[0m[90m TS2339: [0mProperty 'status' does not exist on type 'IUserModel & { _id: ObjectId; }'.

[7m73[0m   user.status = !user.status;
[7m  [0m [91m       ~~~~~~[0m
[96msrc/controllers/UserController/index.ts[0m:[93m73[0m:[93m23[0m - [91merror[0m[90m TS2339: [0mProperty 'status' does not exist on type 'IUserModel & { _id: ObjectId; }'.

[7m73[0m   user.status = !user.status;
[7m  [0m [91m                      ~~~~~~[0m
[96msrc/controllers/UserController/index.ts[0m:[93m79[0m:[93m19[0m - [91merror[0m[90m TS2339: [0mProperty 'status' does not exist on type 'IUserModel & { _id: ObjectId; }'.

[7m79[0m     message: user.status
[7m  [0m [91m                  ~~~~~~[0m

    at createTSError (/Users/macbook/Desktop/users-service/node_modules/ts-node/src/index.ts:859:12)
    at reportTSError (/Users/macbook/Desktop/users-service/node_modules/ts-node/src/index.ts:863:19)
    at getOutput (/Users/macbook/Desktop/users-service/node_modules/ts-node/src/index.ts:1077:36)
    at Object.compile (/Users/macbook/Desktop/users-service/node_modules/ts-node/src/index.ts:1433:41)
    at Module.m._compile (/Users/macbook/Desktop/users-service/node_modules/ts-node/src/index.ts:1617:30)
    at Module._extensions..js (node:internal/modules/cjs/loader:1414:10)
    at Object.require.extensions.<computed> [as .ts] (/Users/macbook/Desktop/users-service/node_modules/ts-node/src/index.ts:1621:12)
    at Module.load (node:internal/modules/cjs/loader:1197:32)
    at Function.Module._load (node:internal/modules/cjs/loader:1013:12)
    at Module.require (node:internal/modules/cjs/loader:1225:19) [unkown-service] development 2024-07-09 02:27:14
error: uncaughtException: тип Unable to compile TypeScript:
[96msrc/controllers/UserController/index.ts[0m:[93m73[0m:[93m8[0m - [91merror[0m[90m TS2339: [0mProperty 'status' does not exist on type 'IUserModel & { _id: ObjectId; }'.

[7m73[0m   user.status = !user.status;
[7m  [0m [91m       ~~~~~~[0m
[96msrc/controllers/UserController/index.ts[0m:[93m73[0m:[93m23[0m - [91merror[0m[90m TS2339: [0mProperty 'status' does not exist on type 'IUserModel & { _id: ObjectId; }'.

[7m73[0m   user.status = !user.status;
[7m  [0m [91m                      ~~~~~~[0m
[96msrc/controllers/UserController/index.ts[0m:[93m79[0m:[93m19[0m - [91merror[0m[90m TS2339: [0mProperty 'status' does not exist on type 'IUserModel & { _id: ObjectId; }'.

[7m79[0m     message: user.status
[7m  [0m [91m                  ~~~~~~[0m

TSError: тип Unable to compile TypeScript:
[96msrc/controllers/UserController/index.ts[0m:[93m73[0m:[93m8[0m - [91merror[0m[90m TS2339: [0mProperty 'status' does not exist on type 'IUserModel & { _id: ObjectId; }'.

[7m73[0m   user.status = !user.status;
[7m  [0m [91m       ~~~~~~[0m
[96msrc/controllers/UserController/index.ts[0m:[93m73[0m:[93m23[0m - [91merror[0m[90m TS2339: [0mProperty 'status' does not exist on type 'IUserModel & { _id: ObjectId; }'.

[7m73[0m   user.status = !user.status;
[7m  [0m [91m                      ~~~~~~[0m
[96msrc/controllers/UserController/index.ts[0m:[93m79[0m:[93m19[0m - [91merror[0m[90m TS2339: [0mProperty 'status' does not exist on type 'IUserModel & { _id: ObjectId; }'.

[7m79[0m     message: user.status
[7m  [0m [91m                  ~~~~~~[0m

    at createTSError (/Users/macbook/Desktop/users-service/node_modules/ts-node/src/index.ts:859:12)
    at reportTSError (/Users/macbook/Desktop/users-service/node_modules/ts-node/src/index.ts:863:19)
    at getOutput (/Users/macbook/Desktop/users-service/node_modules/ts-node/src/index.ts:1077:36)
    at Object.compile (/Users/macbook/Desktop/users-service/node_modules/ts-node/src/index.ts:1433:41)
    at Module.m._compile (/Users/macbook/Desktop/users-service/node_modules/ts-node/src/index.ts:1617:30)
    at Module._extensions..js (node:internal/modules/cjs/loader:1414:10)
    at Object.require.extensions.<computed> [as .ts] (/Users/macbook/Desktop/users-service/node_modules/ts-node/src/index.ts:1621:12)
    at Module.load (node:internal/modules/cjs/loader:1197:32)
    at Function.Module._load (node:internal/modules/cjs/loader:1013:12)
    at Module.require (node:internal/modules/cjs/loader:1225:19) [unkown-service] development 2024-07-09T01:27:14.798Z
[31merror[39m: uncaughtException: тип Unable to compile TypeScript:
[96msrc/controllers/UserController/index.ts[0m:[93m73[0m:[93m8[0m - [91merror[0m[90m TS2339: [0mProperty 'status' does not exist on type 'IUserModel & { _id: ObjectId; }'.

[7m73[0m   user.status = !user.status;
[7m  [0m [91m       ~~~~~~[0m
[96msrc/controllers/UserController/index.ts[0m:[93m73[0m:[93m23[0m - [91merror[0m[90m TS2339: [0mProperty 'status' does not exist on type 'IUserModel & { _id: ObjectId; }'.

[7m73[0m   user.status = !user.status;
[7m  [0m [91m                      ~~~~~~[0m
[96msrc/controllers/UserController/index.ts[0m:[93m79[0m:[93m19[0m - [91merror[0m[90m TS2339: [0mProperty 'status' does not exist on type 'IUserModel & { _id: ObjectId; }'.

[7m79[0m     message: user.status
[7m  [0m [91m                  ~~~~~~[0m

TSError: тип Unable to compile TypeScript:
[96msrc/controllers/UserController/index.ts[0m:[93m73[0m:[93m8[0m - [91merror[0m[90m TS2339: [0mProperty 'status' does not exist on type 'IUserModel & { _id: ObjectId; }'.

[7m73[0m   user.status = !user.status;
[7m  [0m [91m       ~~~~~~[0m
[96msrc/controllers/UserController/index.ts[0m:[93m73[0m:[93m23[0m - [91merror[0m[90m TS2339: [0mProperty 'status' does not exist on type 'IUserModel & { _id: ObjectId; }'.

[7m73[0m   user.status = !user.status;
[7m  [0m [91m                      ~~~~~~[0m
[96msrc/controllers/UserController/index.ts[0m:[93m79[0m:[93m19[0m - [91merror[0m[90m TS2339: [0mProperty 'status' does not exist on type 'IUserModel & { _id: ObjectId; }'.

[7m79[0m     message: user.status
[7m  [0m [91m                  ~~~~~~[0m

    at createTSError (/Users/macbook/Desktop/users-service/node_modules/ts-node/src/index.ts:859:12)
    at reportTSError (/Users/macbook/Desktop/users-service/node_modules/ts-node/src/index.ts:863:19)
    at getOutput (/Users/macbook/Desktop/users-service/node_modules/ts-node/src/index.ts:1077:36)
    at Object.compile (/Users/macbook/Desktop/users-service/node_modules/ts-node/src/index.ts:1433:41)
    at Module.m._compile (/Users/macbook/Desktop/users-service/node_modules/ts-node/src/index.ts:1617:30)
    at Module._extensions..js (node:internal/modules/cjs/loader:1414:10)
    at Object.require.extensions.<computed> [as .ts] (/Users/macbook/Desktop/users-service/node_modules/ts-node/src/index.ts:1621:12)
    at Module.load (node:internal/modules/cjs/loader:1197:32)
    at Function.Module._load (node:internal/modules/cjs/loader:1013:12)
    at Module.require (node:internal/modules/cjs/loader:1225:19) [unkown-service] development 2024-07-09 02:28:04
error: uncaughtException: тип Unable to compile TypeScript:
[96msrc/controllers/UserController/index.ts[0m:[93m73[0m:[93m8[0m - [91merror[0m[90m TS2339: [0mProperty 'status' does not exist on type 'IUserModel & { _id: ObjectId; }'.

[7m73[0m   user.status = !user.status;
[7m  [0m [91m       ~~~~~~[0m
[96msrc/controllers/UserController/index.ts[0m:[93m73[0m:[93m23[0m - [91merror[0m[90m TS2339: [0mProperty 'status' does not exist on type 'IUserModel & { _id: ObjectId; }'.

[7m73[0m   user.status = !user.status;
[7m  [0m [91m                      ~~~~~~[0m
[96msrc/controllers/UserController/index.ts[0m:[93m79[0m:[93m19[0m - [91merror[0m[90m TS2339: [0mProperty 'status' does not exist on type 'IUserModel & { _id: ObjectId; }'.

[7m79[0m     message: user.status
[7m  [0m [91m                  ~~~~~~[0m

TSError: тип Unable to compile TypeScript:
[96msrc/controllers/UserController/index.ts[0m:[93m73[0m:[93m8[0m - [91merror[0m[90m TS2339: [0mProperty 'status' does not exist on type 'IUserModel & { _id: ObjectId; }'.

[7m73[0m   user.status = !user.status;
[7m  [0m [91m       ~~~~~~[0m
[96msrc/controllers/UserController/index.ts[0m:[93m73[0m:[93m23[0m - [91merror[0m[90m TS2339: [0mProperty 'status' does not exist on type 'IUserModel & { _id: ObjectId; }'.

[7m73[0m   user.status = !user.status;
[7m  [0m [91m                      ~~~~~~[0m
[96msrc/controllers/UserController/index.ts[0m:[93m79[0m:[93m19[0m - [91merror[0m[90m TS2339: [0mProperty 'status' does not exist on type 'IUserModel & { _id: ObjectId; }'.

[7m79[0m     message: user.status
[7m  [0m [91m                  ~~~~~~[0m

    at createTSError (/Users/macbook/Desktop/users-service/node_modules/ts-node/src/index.ts:859:12)
    at reportTSError (/Users/macbook/Desktop/users-service/node_modules/ts-node/src/index.ts:863:19)
    at getOutput (/Users/macbook/Desktop/users-service/node_modules/ts-node/src/index.ts:1077:36)
    at Object.compile (/Users/macbook/Desktop/users-service/node_modules/ts-node/src/index.ts:1433:41)
    at Module.m._compile (/Users/macbook/Desktop/users-service/node_modules/ts-node/src/index.ts:1617:30)
    at Module._extensions..js (node:internal/modules/cjs/loader:1414:10)
    at Object.require.extensions.<computed> [as .ts] (/Users/macbook/Desktop/users-service/node_modules/ts-node/src/index.ts:1621:12)
    at Module.load (node:internal/modules/cjs/loader:1197:32)
    at Function.Module._load (node:internal/modules/cjs/loader:1013:12)
    at Module.require (node:internal/modules/cjs/loader:1225:19) [unkown-service] development 2024-07-09T01:28:04.121Z
[31merror[39m: uncaughtException: тип Unable to compile TypeScript:
[96msrc/controllers/UserController/index.ts[0m:[93m79[0m:[93m19[0m - [91merror[0m[90m TS2339: [0mProperty 'status' does not exist on type 'IUserModel & { _id: ObjectId; }'.

[7m79[0m     message: user.status
[7m  [0m [91m                  ~~~~~~[0m

TSError: тип Unable to compile TypeScript:
[96msrc/controllers/UserController/index.ts[0m:[93m79[0m:[93m19[0m - [91merror[0m[90m TS2339: [0mProperty 'status' does not exist on type 'IUserModel & { _id: ObjectId; }'.

[7m79[0m     message: user.status
[7m  [0m [91m                  ~~~~~~[0m

    at createTSError (/Users/macbook/Desktop/users-service/node_modules/ts-node/src/index.ts:859:12)
    at reportTSError (/Users/macbook/Desktop/users-service/node_modules/ts-node/src/index.ts:863:19)
    at getOutput (/Users/macbook/Desktop/users-service/node_modules/ts-node/src/index.ts:1077:36)
    at Object.compile (/Users/macbook/Desktop/users-service/node_modules/ts-node/src/index.ts:1433:41)
    at Module.m._compile (/Users/macbook/Desktop/users-service/node_modules/ts-node/src/index.ts:1617:30)
    at Module._extensions..js (node:internal/modules/cjs/loader:1414:10)
    at Object.require.extensions.<computed> [as .ts] (/Users/macbook/Desktop/users-service/node_modules/ts-node/src/index.ts:1621:12)
    at Module.load (node:internal/modules/cjs/loader:1197:32)
    at Function.Module._load (node:internal/modules/cjs/loader:1013:12)
    at Module.require (node:internal/modules/cjs/loader:1225:19) [unkown-service] development 2024-07-09 02:28:23
error: uncaughtException: тип Unable to compile TypeScript:
[96msrc/controllers/UserController/index.ts[0m:[93m79[0m:[93m19[0m - [91merror[0m[90m TS2339: [0mProperty 'status' does not exist on type 'IUserModel & { _id: ObjectId; }'.

[7m79[0m     message: user.status
[7m  [0m [91m                  ~~~~~~[0m

TSError: тип Unable to compile TypeScript:
[96msrc/controllers/UserController/index.ts[0m:[93m79[0m:[93m19[0m - [91merror[0m[90m TS2339: [0mProperty 'status' does not exist on type 'IUserModel & { _id: ObjectId; }'.

[7m79[0m     message: user.status
[7m  [0m [91m                  ~~~~~~[0m

    at createTSError (/Users/macbook/Desktop/users-service/node_modules/ts-node/src/index.ts:859:12)
    at reportTSError (/Users/macbook/Desktop/users-service/node_modules/ts-node/src/index.ts:863:19)
    at getOutput (/Users/macbook/Desktop/users-service/node_modules/ts-node/src/index.ts:1077:36)
    at Object.compile (/Users/macbook/Desktop/users-service/node_modules/ts-node/src/index.ts:1433:41)
    at Module.m._compile (/Users/macbook/Desktop/users-service/node_modules/ts-node/src/index.ts:1617:30)
    at Module._extensions..js (node:internal/modules/cjs/loader:1414:10)
    at Object.require.extensions.<computed> [as .ts] (/Users/macbook/Desktop/users-service/node_modules/ts-node/src/index.ts:1621:12)
    at Module.load (node:internal/modules/cjs/loader:1197:32)
    at Function.Module._load (node:internal/modules/cjs/loader:1013:12)
    at Module.require (node:internal/modules/cjs/loader:1225:19) [unkown-service] development 2024-07-09T01:28:23.226Z
[31merror[39m: uncaughtException: тип Unable to compile TypeScript:
[96msrc/documentation/users/deactivateuser.docs.ts[0m:[93m36[0m:[93m10[0m - [91merror[0m[90m TS2304: [0mCannot find name 'updateUser'.

[7m36[0m export { updateUser, updateUserBody };
[7m  [0m [91m         ~~~~~~~~~~[0m
[96msrc/documentation/users/deactivateuser.docs.ts[0m:[93m36[0m:[93m22[0m - [91merror[0m[90m TS2304: [0mCannot find name 'updateUserBody'.

[7m36[0m export { updateUser, updateUserBody };
[7m  [0m [91m                     ~~~~~~~~~~~~~~[0m

TSError: тип Unable to compile TypeScript:
[96msrc/documentation/users/deactivateuser.docs.ts[0m:[93m36[0m:[93m10[0m - [91merror[0m[90m TS2304: [0mCannot find name 'updateUser'.

[7m36[0m export { updateUser, updateUserBody };
[7m  [0m [91m         ~~~~~~~~~~[0m
[96msrc/documentation/users/deactivateuser.docs.ts[0m:[93m36[0m:[93m22[0m - [91merror[0m[90m TS2304: [0mCannot find name 'updateUserBody'.

[7m36[0m export { updateUser, updateUserBody };
[7m  [0m [91m                     ~~~~~~~~~~~~~~[0m

    at createTSError (/Users/macbook/Desktop/users-service/node_modules/ts-node/src/index.ts:859:12)
    at reportTSError (/Users/macbook/Desktop/users-service/node_modules/ts-node/src/index.ts:863:19)
    at getOutput (/Users/macbook/Desktop/users-service/node_modules/ts-node/src/index.ts:1077:36)
    at Object.compile (/Users/macbook/Desktop/users-service/node_modules/ts-node/src/index.ts:1433:41)
    at Module.m._compile (/Users/macbook/Desktop/users-service/node_modules/ts-node/src/index.ts:1617:30)
    at Module._extensions..js (node:internal/modules/cjs/loader:1414:10)
    at Object.require.extensions.<computed> [as .ts] (/Users/macbook/Desktop/users-service/node_modules/ts-node/src/index.ts:1621:12)
    at Module.load (node:internal/modules/cjs/loader:1197:32)
    at Function.Module._load (node:internal/modules/cjs/loader:1013:12)
    at Module.require (node:internal/modules/cjs/loader:1225:19) [unkown-service] development 2024-07-09 02:30:14
error: uncaughtException: тип Unable to compile TypeScript:
[96msrc/documentation/users/deactivateuser.docs.ts[0m:[93m36[0m:[93m10[0m - [91merror[0m[90m TS2304: [0mCannot find name 'updateUser'.

[7m36[0m export { updateUser, updateUserBody };
[7m  [0m [91m         ~~~~~~~~~~[0m
[96msrc/documentation/users/deactivateuser.docs.ts[0m:[93m36[0m:[93m22[0m - [91merror[0m[90m TS2304: [0mCannot find name 'updateUserBody'.

[7m36[0m export { updateUser, updateUserBody };
[7m  [0m [91m                     ~~~~~~~~~~~~~~[0m

TSError: тип Unable to compile TypeScript:
[96msrc/documentation/users/deactivateuser.docs.ts[0m:[93m36[0m:[93m10[0m - [91merror[0m[90m TS2304: [0mCannot find name 'updateUser'.

[7m36[0m export { updateUser, updateUserBody };
[7m  [0m [91m         ~~~~~~~~~~[0m
[96msrc/documentation/users/deactivateuser.docs.ts[0m:[93m36[0m:[93m22[0m - [91merror[0m[90m TS2304: [0mCannot find name 'updateUserBody'.

[7m36[0m export { updateUser, updateUserBody };
[7m  [0m [91m                     ~~~~~~~~~~~~~~[0m

    at createTSError (/Users/macbook/Desktop/users-service/node_modules/ts-node/src/index.ts:859:12)
    at reportTSError (/Users/macbook/Desktop/users-service/node_modules/ts-node/src/index.ts:863:19)
    at getOutput (/Users/macbook/Desktop/users-service/node_modules/ts-node/src/index.ts:1077:36)
    at Object.compile (/Users/macbook/Desktop/users-service/node_modules/ts-node/src/index.ts:1433:41)
    at Module.m._compile (/Users/macbook/Desktop/users-service/node_modules/ts-node/src/index.ts:1617:30)
    at Module._extensions..js (node:internal/modules/cjs/loader:1414:10)
    at Object.require.extensions.<computed> [as .ts] (/Users/macbook/Desktop/users-service/node_modules/ts-node/src/index.ts:1621:12)
    at Module.load (node:internal/modules/cjs/loader:1197:32)
    at Function.Module._load (node:internal/modules/cjs/loader:1013:12)
    at Module.require (node:internal/modules/cjs/loader:1225:19) [unkown-service] development 2024-07-09T01:30:14.647Z
[31merror[39m: uncaughtException: тип Unable to compile TypeScript:
[96msrc/documentation/users/deactivateuser.docs.ts[0m:[93m35[0m:[93m10[0m - [91merror[0m[90m TS2304: [0mCannot find name 'updateUser'.

[7m35[0m export { updateUser, updateUserBody };
[7m  [0m [91m         ~~~~~~~~~~[0m
[96msrc/documentation/users/deactivateuser.docs.ts[0m:[93m35[0m:[93m22[0m - [91merror[0m[90m TS2304: [0mCannot find name 'updateUserBody'.

[7m35[0m export { updateUser, updateUserBody };
[7m  [0m [91m                     ~~~~~~~~~~~~~~[0m

TSError: тип Unable to compile TypeScript:
[96msrc/documentation/users/deactivateuser.docs.ts[0m:[93m35[0m:[93m10[0m - [91merror[0m[90m TS2304: [0mCannot find name 'updateUser'.

[7m35[0m export { updateUser, updateUserBody };
[7m  [0m [91m         ~~~~~~~~~~[0m
[96msrc/documentation/users/deactivateuser.docs.ts[0m:[93m35[0m:[93m22[0m - [91merror[0m[90m TS2304: [0mCannot find name 'updateUserBody'.

[7m35[0m export { updateUser, updateUserBody };
[7m  [0m [91m                     ~~~~~~~~~~~~~~[0m

    at createTSError (/Users/macbook/Desktop/users-service/node_modules/ts-node/src/index.ts:859:12)
    at reportTSError (/Users/macbook/Desktop/users-service/node_modules/ts-node/src/index.ts:863:19)
    at getOutput (/Users/macbook/Desktop/users-service/node_modules/ts-node/src/index.ts:1077:36)
    at Object.compile (/Users/macbook/Desktop/users-service/node_modules/ts-node/src/index.ts:1433:41)
    at Module.m._compile (/Users/macbook/Desktop/users-service/node_modules/ts-node/src/index.ts:1617:30)
    at Module._extensions..js (node:internal/modules/cjs/loader:1414:10)
    at Object.require.extensions.<computed> [as .ts] (/Users/macbook/Desktop/users-service/node_modules/ts-node/src/index.ts:1621:12)
    at Module.load (node:internal/modules/cjs/loader:1197:32)
    at Function.Module._load (node:internal/modules/cjs/loader:1013:12)
    at Module.require (node:internal/modules/cjs/loader:1225:19) [unkown-service] development 2024-07-09 02:30:32
error: uncaughtException: тип Unable to compile TypeScript:
[96msrc/documentation/users/deactivateuser.docs.ts[0m:[93m35[0m:[93m10[0m - [91merror[0m[90m TS2304: [0mCannot find name 'updateUser'.

[7m35[0m export { updateUser, updateUserBody };
[7m  [0m [91m         ~~~~~~~~~~[0m
[96msrc/documentation/users/deactivateuser.docs.ts[0m:[93m35[0m:[93m22[0m - [91merror[0m[90m TS2304: [0mCannot find name 'updateUserBody'.

[7m35[0m export { updateUser, updateUserBody };
[7m  [0m [91m                     ~~~~~~~~~~~~~~[0m

TSError: тип Unable to compile TypeScript:
[96msrc/documentation/users/deactivateuser.docs.ts[0m:[93m35[0m:[93m10[0m - [91merror[0m[90m TS2304: [0mCannot find name 'updateUser'.

[7m35[0m export { updateUser, updateUserBody };
[7m  [0m [91m         ~~~~~~~~~~[0m
[96msrc/documentation/users/deactivateuser.docs.ts[0m:[93m35[0m:[93m22[0m - [91merror[0m[90m TS2304: [0mCannot find name 'updateUserBody'.

[7m35[0m export { updateUser, updateUserBody };
[7m  [0m [91m                     ~~~~~~~~~~~~~~[0m

    at createTSError (/Users/macbook/Desktop/users-service/node_modules/ts-node/src/index.ts:859:12)
    at reportTSError (/Users/macbook/Desktop/users-service/node_modules/ts-node/src/index.ts:863:19)
    at getOutput (/Users/macbook/Desktop/users-service/node_modules/ts-node/src/index.ts:1077:36)
    at Object.compile (/Users/macbook/Desktop/users-service/node_modules/ts-node/src/index.ts:1433:41)
    at Module.m._compile (/Users/macbook/Desktop/users-service/node_modules/ts-node/src/index.ts:1617:30)
    at Module._extensions..js (node:internal/modules/cjs/loader:1414:10)
    at Object.require.extensions.<computed> [as .ts] (/Users/macbook/Desktop/users-service/node_modules/ts-node/src/index.ts:1621:12)
    at Module.load (node:internal/modules/cjs/loader:1197:32)
    at Function.Module._load (node:internal/modules/cjs/loader:1013:12)
    at Module.require (node:internal/modules/cjs/loader:1225:19) [unkown-service] development 2024-07-09T01:30:32.017Z
[31merror[39m: uncaughtException: тип Unable to compile TypeScript:
[96msrc/utils/swagger.ts[0m:[93m19[0m:[93m10[0m - [91merror[0m[90m TS2305: [0mModule '"../documentation/users"' has no exported member 'updateUser'.

[7m19[0m import { updateUser, updateUserBody } from "../documentation/users";
[7m  [0m [91m         ~~~~~~~~~~[0m
[96msrc/utils/swagger.ts[0m:[93m19[0m:[93m22[0m - [91merror[0m[90m TS2305: [0mModule '"../documentation/users"' has no exported member 'updateUserBody'.

[7m19[0m import { updateUser, updateUserBody } from "../documentation/users";
[7m  [0m [91m                     ~~~~~~~~~~~~~~[0m

TSError: тип Unable to compile TypeScript:
[96msrc/utils/swagger.ts[0m:[93m19[0m:[93m10[0m - [91merror[0m[90m TS2305: [0mModule '"../documentation/users"' has no exported member 'updateUser'.

[7m19[0m import { updateUser, updateUserBody } from "../documentation/users";
[7m  [0m [91m         ~~~~~~~~~~[0m
[96msrc/utils/swagger.ts[0m:[93m19[0m:[93m22[0m - [91merror[0m[90m TS2305: [0mModule '"../documentation/users"' has no exported member 'updateUserBody'.

[7m19[0m import { updateUser, updateUserBody } from "../documentation/users";
[7m  [0m [91m                     ~~~~~~~~~~~~~~[0m

    at createTSError (/Users/macbook/Desktop/users-service/node_modules/ts-node/src/index.ts:859:12)
    at reportTSError (/Users/macbook/Desktop/users-service/node_modules/ts-node/src/index.ts:863:19)
    at getOutput (/Users/macbook/Desktop/users-service/node_modules/ts-node/src/index.ts:1077:36)
    at Object.compile (/Users/macbook/Desktop/users-service/node_modules/ts-node/src/index.ts:1433:41)
    at Module.m._compile (/Users/macbook/Desktop/users-service/node_modules/ts-node/src/index.ts:1617:30)
    at Module._extensions..js (node:internal/modules/cjs/loader:1414:10)
    at Object.require.extensions.<computed> [as .ts] (/Users/macbook/Desktop/users-service/node_modules/ts-node/src/index.ts:1621:12)
    at Module.load (node:internal/modules/cjs/loader:1197:32)
    at Function.Module._load (node:internal/modules/cjs/loader:1013:12)
    at Module.require (node:internal/modules/cjs/loader:1225:19) [unkown-service] development 2024-07-09 02:30:52
error: uncaughtException: тип Unable to compile TypeScript:
[96msrc/utils/swagger.ts[0m:[93m19[0m:[93m10[0m - [91merror[0m[90m TS2305: [0mModule '"../documentation/users"' has no exported member 'updateUser'.

[7m19[0m import { updateUser, updateUserBody } from "../documentation/users";
[7m  [0m [91m         ~~~~~~~~~~[0m
[96msrc/utils/swagger.ts[0m:[93m19[0m:[93m22[0m - [91merror[0m[90m TS2305: [0mModule '"../documentation/users"' has no exported member 'updateUserBody'.

[7m19[0m import { updateUser, updateUserBody } from "../documentation/users";
[7m  [0m [91m                     ~~~~~~~~~~~~~~[0m

TSError: тип Unable to compile TypeScript:
[96msrc/utils/swagger.ts[0m:[93m19[0m:[93m10[0m - [91merror[0m[90m TS2305: [0mModule '"../documentation/users"' has no exported member 'updateUser'.

[7m19[0m import { updateUser, updateUserBody } from "../documentation/users";
[7m  [0m [91m         ~~~~~~~~~~[0m
[96msrc/utils/swagger.ts[0m:[93m19[0m:[93m22[0m - [91merror[0m[90m TS2305: [0mModule '"../documentation/users"' has no exported member 'updateUserBody'.

[7m19[0m import { updateUser, updateUserBody } from "../documentation/users";
[7m  [0m [91m                     ~~~~~~~~~~~~~~[0m

    at createTSError (/Users/macbook/Desktop/users-service/node_modules/ts-node/src/index.ts:859:12)
    at reportTSError (/Users/macbook/Desktop/users-service/node_modules/ts-node/src/index.ts:863:19)
    at getOutput (/Users/macbook/Desktop/users-service/node_modules/ts-node/src/index.ts:1077:36)
    at Object.compile (/Users/macbook/Desktop/users-service/node_modules/ts-node/src/index.ts:1433:41)
    at Module.m._compile (/Users/macbook/Desktop/users-service/node_modules/ts-node/src/index.ts:1617:30)
    at Module._extensions..js (node:internal/modules/cjs/loader:1414:10)
    at Object.require.extensions.<computed> [as .ts] (/Users/macbook/Desktop/users-service/node_modules/ts-node/src/index.ts:1621:12)
    at Module.load (node:internal/modules/cjs/loader:1197:32)
    at Function.Module._load (node:internal/modules/cjs/loader:1013:12)
    at Module.require (node:internal/modules/cjs/loader:1225:19) [unkown-service] development 2024-07-09T01:30:52.616Z
[31merror[39m: uncaughtException: тип Unable to compile TypeScript:
[96msrc/utils/swagger.ts[0m:[93m19[0m:[93m10[0m - [91merror[0m[90m TS2305: [0mModule '"../documentation/users"' has no exported member 'updateUser'.

[7m19[0m import { updateUser, updateUserBody } from "../documentation/users";
[7m  [0m [91m         ~~~~~~~~~~[0m
[96msrc/utils/swagger.ts[0m:[93m19[0m:[93m22[0m - [91merror[0m[90m TS2305: [0mModule '"../documentation/users"' has no exported member 'updateUserBody'.

[7m19[0m import { updateUser, updateUserBody } from "../documentation/users";
[7m  [0m [91m                     ~~~~~~~~~~~~~~[0m

TSError: тип Unable to compile TypeScript:
[96msrc/utils/swagger.ts[0m:[93m19[0m:[93m10[0m - [91merror[0m[90m TS2305: [0mModule '"../documentation/users"' has no exported member 'updateUser'.

[7m19[0m import { updateUser, updateUserBody } from "../documentation/users";
[7m  [0m [91m         ~~~~~~~~~~[0m
[96msrc/utils/swagger.ts[0m:[93m19[0m:[93m22[0m - [91merror[0m[90m TS2305: [0mModule '"../documentation/users"' has no exported member 'updateUserBody'.

[7m19[0m import { updateUser, updateUserBody } from "../documentation/users";
[7m  [0m [91m                     ~~~~~~~~~~~~~~[0m

    at createTSError (/Users/macbook/Desktop/users-service/node_modules/ts-node/src/index.ts:859:12)
    at reportTSError (/Users/macbook/Desktop/users-service/node_modules/ts-node/src/index.ts:863:19)
    at getOutput (/Users/macbook/Desktop/users-service/node_modules/ts-node/src/index.ts:1077:36)
    at Object.compile (/Users/macbook/Desktop/users-service/node_modules/ts-node/src/index.ts:1433:41)
    at Module.m._compile (/Users/macbook/Desktop/users-service/node_modules/ts-node/src/index.ts:1617:30)
    at Module._extensions..js (node:internal/modules/cjs/loader:1414:10)
    at Object.require.extensions.<computed> [as .ts] (/Users/macbook/Desktop/users-service/node_modules/ts-node/src/index.ts:1621:12)
    at Module.load (node:internal/modules/cjs/loader:1197:32)
    at Function.Module._load (node:internal/modules/cjs/loader:1013:12)
    at Module.require (node:internal/modules/cjs/loader:1225:19) [unkown-service] development 2024-07-09 02:31:01
error: uncaughtException: тип Unable to compile TypeScript:
[96msrc/utils/swagger.ts[0m:[93m19[0m:[93m10[0m - [91merror[0m[90m TS2305: [0mModule '"../documentation/users"' has no exported member 'updateUser'.

[7m19[0m import { updateUser, updateUserBody } from "../documentation/users";
[7m  [0m [91m         ~~~~~~~~~~[0m
[96msrc/utils/swagger.ts[0m:[93m19[0m:[93m22[0m - [91merror[0m[90m TS2305: [0mModule '"../documentation/users"' has no exported member 'updateUserBody'.

[7m19[0m import { updateUser, updateUserBody } from "../documentation/users";
[7m  [0m [91m                     ~~~~~~~~~~~~~~[0m

TSError: тип Unable to compile TypeScript:
[96msrc/utils/swagger.ts[0m:[93m19[0m:[93m10[0m - [91merror[0m[90m TS2305: [0mModule '"../documentation/users"' has no exported member 'updateUser'.

[7m19[0m import { updateUser, updateUserBody } from "../documentation/users";
[7m  [0m [91m         ~~~~~~~~~~[0m
[96msrc/utils/swagger.ts[0m:[93m19[0m:[93m22[0m - [91merror[0m[90m TS2305: [0mModule '"../documentation/users"' has no exported member 'updateUserBody'.

[7m19[0m import { updateUser, updateUserBody } from "../documentation/users";
[7m  [0m [91m                     ~~~~~~~~~~~~~~[0m

    at createTSError (/Users/macbook/Desktop/users-service/node_modules/ts-node/src/index.ts:859:12)
    at reportTSError (/Users/macbook/Desktop/users-service/node_modules/ts-node/src/index.ts:863:19)
    at getOutput (/Users/macbook/Desktop/users-service/node_modules/ts-node/src/index.ts:1077:36)
    at Object.compile (/Users/macbook/Desktop/users-service/node_modules/ts-node/src/index.ts:1433:41)
    at Module.m._compile (/Users/macbook/Desktop/users-service/node_modules/ts-node/src/index.ts:1617:30)
    at Module._extensions..js (node:internal/modules/cjs/loader:1414:10)
    at Object.require.extensions.<computed> [as .ts] (/Users/macbook/Desktop/users-service/node_modules/ts-node/src/index.ts:1621:12)
    at Module.load (node:internal/modules/cjs/loader:1197:32)
    at Function.Module._load (node:internal/modules/cjs/loader:1013:12)
    at Module.require (node:internal/modules/cjs/loader:1225:19) [unkown-service] development 2024-07-09T01:31:01.531Z
[31merror[39m: uncaughtException: тип Unable to compile TypeScript:
[96msrc/utils/swagger.ts[0m:[93m19[0m:[93m26[0m - [91merror[0m[90m TS2305: [0mModule '"../documentation/users"' has no exported member 'updateUser'.

[7m19[0m import { deactivateUser, updateUser, updateUserBody } from "../documentation/users";
[7m  [0m [91m                         ~~~~~~~~~~[0m
[96msrc/utils/swagger.ts[0m:[93m19[0m:[93m38[0m - [91merror[0m[90m TS2305: [0mModule '"../documentation/users"' has no exported member 'updateUserBody'.

[7m19[0m import { deactivateUser, updateUser, updateUserBody } from "../documentation/users";
[7m  [0m [91m                                     ~~~~~~~~~~~~~~[0m
[96msrc/utils/swagger.ts[0m:[93m45[0m:[93m5[0m - [91merror[0m[90m TS2552: [0mCannot find name 'deactivateUserBody'. Did you mean 'deactivateUser'?

[7m45[0m     deactivateUserBody
[7m  [0m [91m    ~~~~~~~~~~~~~~~~~~[0m

TSError: тип Unable to compile TypeScript:
[96msrc/utils/swagger.ts[0m:[93m19[0m:[93m26[0m - [91merror[0m[90m TS2305: [0mModule '"../documentation/users"' has no exported member 'updateUser'.

[7m19[0m import { deactivateUser, updateUser, updateUserBody } from "../documentation/users";
[7m  [0m [91m                         ~~~~~~~~~~[0m
[96msrc/utils/swagger.ts[0m:[93m19[0m:[93m38[0m - [91merror[0m[90m TS2305: [0mModule '"../documentation/users"' has no exported member 'updateUserBody'.

[7m19[0m import { deactivateUser, updateUser, updateUserBody } from "../documentation/users";
[7m  [0m [91m                                     ~~~~~~~~~~~~~~[0m
[96msrc/utils/swagger.ts[0m:[93m45[0m:[93m5[0m - [91merror[0m[90m TS2552: [0mCannot find name 'deactivateUserBody'. Did you mean 'deactivateUser'?

[7m45[0m     deactivateUserBody
[7m  [0m [91m    ~~~~~~~~~~~~~~~~~~[0m

    at createTSError (/Users/macbook/Desktop/users-service/node_modules/ts-node/src/index.ts:859:12)
    at reportTSError (/Users/macbook/Desktop/users-service/node_modules/ts-node/src/index.ts:863:19)
    at getOutput (/Users/macbook/Desktop/users-service/node_modules/ts-node/src/index.ts:1077:36)
    at Object.compile (/Users/macbook/Desktop/users-service/node_modules/ts-node/src/index.ts:1433:41)
    at Module.m._compile (/Users/macbook/Desktop/users-service/node_modules/ts-node/src/index.ts:1617:30)
    at Module._extensions..js (node:internal/modules/cjs/loader:1414:10)
    at Object.require.extensions.<computed> [as .ts] (/Users/macbook/Desktop/users-service/node_modules/ts-node/src/index.ts:1621:12)
    at Module.load (node:internal/modules/cjs/loader:1197:32)
    at Function.Module._load (node:internal/modules/cjs/loader:1013:12)
    at Module.require (node:internal/modules/cjs/loader:1225:19) [unkown-service] development 2024-07-09 02:31:22
error: uncaughtException: тип Unable to compile TypeScript:
[96msrc/utils/swagger.ts[0m:[93m19[0m:[93m26[0m - [91merror[0m[90m TS2305: [0mModule '"../documentation/users"' has no exported member 'updateUser'.

[7m19[0m import { deactivateUser, updateUser, updateUserBody } from "../documentation/users";
[7m  [0m [91m                         ~~~~~~~~~~[0m
[96msrc/utils/swagger.ts[0m:[93m19[0m:[93m38[0m - [91merror[0m[90m TS2305: [0mModule '"../documentation/users"' has no exported member 'updateUserBody'.

[7m19[0m import { deactivateUser, updateUser, updateUserBody } from "../documentation/users";
[7m  [0m [91m                                     ~~~~~~~~~~~~~~[0m
[96msrc/utils/swagger.ts[0m:[93m45[0m:[93m5[0m - [91merror[0m[90m TS2552: [0mCannot find name 'deactivateUserBody'. Did you mean 'deactivateUser'?

[7m45[0m     deactivateUserBody
[7m  [0m [91m    ~~~~~~~~~~~~~~~~~~[0m

TSError: тип Unable to compile TypeScript:
[96msrc/utils/swagger.ts[0m:[93m19[0m:[93m26[0m - [91merror[0m[90m TS2305: [0mModule '"../documentation/users"' has no exported member 'updateUser'.

[7m19[0m import { deactivateUser, updateUser, updateUserBody } from "../documentation/users";
[7m  [0m [91m                         ~~~~~~~~~~[0m
[96msrc/utils/swagger.ts[0m:[93m19[0m:[93m38[0m - [91merror[0m[90m TS2305: [0mModule '"../documentation/users"' has no exported member 'updateUserBody'.

[7m19[0m import { deactivateUser, updateUser, updateUserBody } from "../documentation/users";
[7m  [0m [91m                                     ~~~~~~~~~~~~~~[0m
[96msrc/utils/swagger.ts[0m:[93m45[0m:[93m5[0m - [91merror[0m[90m TS2552: [0mCannot find name 'deactivateUserBody'. Did you mean 'deactivateUser'?

[7m45[0m     deactivateUserBody
[7m  [0m [91m    ~~~~~~~~~~~~~~~~~~[0m

    at createTSError (/Users/macbook/Desktop/users-service/node_modules/ts-node/src/index.ts:859:12)
    at reportTSError (/Users/macbook/Desktop/users-service/node_modules/ts-node/src/index.ts:863:19)
    at getOutput (/Users/macbook/Desktop/users-service/node_modules/ts-node/src/index.ts:1077:36)
    at Object.compile (/Users/macbook/Desktop/users-service/node_modules/ts-node/src/index.ts:1433:41)
    at Module.m._compile (/Users/macbook/Desktop/users-service/node_modules/ts-node/src/index.ts:1617:30)
    at Module._extensions..js (node:internal/modules/cjs/loader:1414:10)
    at Object.require.extensions.<computed> [as .ts] (/Users/macbook/Desktop/users-service/node_modules/ts-node/src/index.ts:1621:12)
    at Module.load (node:internal/modules/cjs/loader:1197:32)
    at Function.Module._load (node:internal/modules/cjs/loader:1013:12)
    at Module.require (node:internal/modules/cjs/loader:1225:19) [unkown-service] development 2024-07-09T01:31:22.307Z
[31merror[39m: uncaughtException: тип Unable to compile TypeScript:
[96msrc/documentation/users/deactivateuser.docs.ts[0m:[93m14[0m:[93m23[0m - [91merror[0m[90m TS2551: [0mProperty 'user' does not exist on type '{ auth: string; users: string; verification: string; country: string; }'. Did you mean 'users'?

[7m14[0m  tags: [RESPONSE_TAGS.user],
[7m  [0m [91m                      ~~~~[0m

  [96msrc/config/constants.ts[0m:[93m79[0m:[93m2[0m
    [7m79[0m  users: "Users",
    [7m  [0m [96m ~~~~~~~~~~~~~~[0m
    'users' is declared here.

TSError: тип Unable to compile TypeScript:
[96msrc/documentation/users/deactivateuser.docs.ts[0m:[93m14[0m:[93m23[0m - [91merror[0m[90m TS2551: [0mProperty 'user' does not exist on type '{ auth: string; users: string; verification: string; country: string; }'. Did you mean 'users'?

[7m14[0m  tags: [RESPONSE_TAGS.user],
[7m  [0m [91m                      ~~~~[0m

  [96msrc/config/constants.ts[0m:[93m79[0m:[93m2[0m
    [7m79[0m  users: "Users",
    [7m  [0m [96m ~~~~~~~~~~~~~~[0m
    'users' is declared here.

    at createTSError (/Users/macbook/Desktop/users-service/node_modules/ts-node/src/index.ts:859:12)
    at reportTSError (/Users/macbook/Desktop/users-service/node_modules/ts-node/src/index.ts:863:19)
    at getOutput (/Users/macbook/Desktop/users-service/node_modules/ts-node/src/index.ts:1077:36)
    at Object.compile (/Users/macbook/Desktop/users-service/node_modules/ts-node/src/index.ts:1433:41)
    at Module.m._compile (/Users/macbook/Desktop/users-service/node_modules/ts-node/src/index.ts:1617:30)
    at Module._extensions..js (node:internal/modules/cjs/loader:1414:10)
    at Object.require.extensions.<computed> [as .ts] (/Users/macbook/Desktop/users-service/node_modules/ts-node/src/index.ts:1621:12)
    at Module.load (node:internal/modules/cjs/loader:1197:32)
    at Function.Module._load (node:internal/modules/cjs/loader:1013:12)
    at Module.require (node:internal/modules/cjs/loader:1225:19) [unkown-service] development 2024-07-09 02:34:13
error: uncaughtException: тип Unable to compile TypeScript:
[96msrc/documentation/users/deactivateuser.docs.ts[0m:[93m14[0m:[93m23[0m - [91merror[0m[90m TS2551: [0mProperty 'user' does not exist on type '{ auth: string; users: string; verification: string; country: string; }'. Did you mean 'users'?

[7m14[0m  tags: [RESPONSE_TAGS.user],
[7m  [0m [91m                      ~~~~[0m

  [96msrc/config/constants.ts[0m:[93m79[0m:[93m2[0m
    [7m79[0m  users: "Users",
    [7m  [0m [96m ~~~~~~~~~~~~~~[0m
    'users' is declared here.

TSError: тип Unable to compile TypeScript:
[96msrc/documentation/users/deactivateuser.docs.ts[0m:[93m14[0m:[93m23[0m - [91merror[0m[90m TS2551: [0mProperty 'user' does not exist on type '{ auth: string; users: string; verification: string; country: string; }'. Did you mean 'users'?

[7m14[0m  tags: [RESPONSE_TAGS.user],
[7m  [0m [91m                      ~~~~[0m

  [96msrc/config/constants.ts[0m:[93m79[0m:[93m2[0m
    [7m79[0m  users: "Users",
    [7m  [0m [96m ~~~~~~~~~~~~~~[0m
    'users' is declared here.

    at createTSError (/Users/macbook/Desktop/users-service/node_modules/ts-node/src/index.ts:859:12)
    at reportTSError (/Users/macbook/Desktop/users-service/node_modules/ts-node/src/index.ts:863:19)
    at getOutput (/Users/macbook/Desktop/users-service/node_modules/ts-node/src/index.ts:1077:36)
    at Object.compile (/Users/macbook/Desktop/users-service/node_modules/ts-node/src/index.ts:1433:41)
    at Module.m._compile (/Users/macbook/Desktop/users-service/node_modules/ts-node/src/index.ts:1617:30)
    at Module._extensions..js (node:internal/modules/cjs/loader:1414:10)
    at Object.require.extensions.<computed> [as .ts] (/Users/macbook/Desktop/users-service/node_modules/ts-node/src/index.ts:1621:12)
    at Module.load (node:internal/modules/cjs/loader:1197:32)
    at Function.Module._load (node:internal/modules/cjs/loader:1013:12)
    at Module.require (node:internal/modules/cjs/loader:1225:19) [unkown-service] development 2024-07-09T01:34:13.245Z
[31merror[39m: uncaughtException: тип Unable to compile TypeScript:
[96msrc/controllers/UserController/index.ts[0m:[93m74[0m:[93m8[0m - [91merror[0m[90m TS2339: [0mProperty 'status' does not exist on type 'IUserModel & { _id: ObjectId; }'.

[7m74[0m   user.status = !user.status;
[7m  [0m [91m       ~~~~~~[0m
[96msrc/controllers/UserController/index.ts[0m:[93m74[0m:[93m23[0m - [91merror[0m[90m TS2339: [0mProperty 'status' does not exist on type 'IUserModel & { _id: ObjectId; }'.

[7m74[0m   user.status = !user.status;
[7m  [0m [91m                      ~~~~~~[0m

TSError: тип Unable to compile TypeScript:
[96msrc/controllers/UserController/index.ts[0m:[93m74[0m:[93m8[0m - [91merror[0m[90m TS2339: [0mProperty 'status' does not exist on type 'IUserModel & { _id: ObjectId; }'.

[7m74[0m   user.status = !user.status;
[7m  [0m [91m       ~~~~~~[0m
[96msrc/controllers/UserController/index.ts[0m:[93m74[0m:[93m23[0m - [91merror[0m[90m TS2339: [0mProperty 'status' does not exist on type 'IUserModel & { _id: ObjectId; }'.

[7m74[0m   user.status = !user.status;
[7m  [0m [91m                      ~~~~~~[0m

    at createTSError (/Users/macbook/Desktop/users-service/node_modules/ts-node/src/index.ts:859:12)
    at reportTSError (/Users/macbook/Desktop/users-service/node_modules/ts-node/src/index.ts:863:19)
    at getOutput (/Users/macbook/Desktop/users-service/node_modules/ts-node/src/index.ts:1077:36)
    at Object.compile (/Users/macbook/Desktop/users-service/node_modules/ts-node/src/index.ts:1433:41)
    at Module.m._compile (/Users/macbook/Desktop/users-service/node_modules/ts-node/src/index.ts:1617:30)
    at Module._extensions..js (node:internal/modules/cjs/loader:1414:10)
    at Object.require.extensions.<computed> [as .ts] (/Users/macbook/Desktop/users-service/node_modules/ts-node/src/index.ts:1621:12)
    at Module.load (node:internal/modules/cjs/loader:1197:32)
    at Function.Module._load (node:internal/modules/cjs/loader:1013:12)
    at Module.require (node:internal/modules/cjs/loader:1225:19) [unkown-service] development 2024-07-09 03:01:00
error: uncaughtException: тип Unable to compile TypeScript:
[96msrc/controllers/UserController/index.ts[0m:[93m74[0m:[93m8[0m - [91merror[0m[90m TS2339: [0mProperty 'status' does not exist on type 'IUserModel & { _id: ObjectId; }'.

[7m74[0m   user.status = !user.status;
[7m  [0m [91m       ~~~~~~[0m
[96msrc/controllers/UserController/index.ts[0m:[93m74[0m:[93m23[0m - [91merror[0m[90m TS2339: [0mProperty 'status' does not exist on type 'IUserModel & { _id: ObjectId; }'.

[7m74[0m   user.status = !user.status;
[7m  [0m [91m                      ~~~~~~[0m

TSError: тип Unable to compile TypeScript:
[96msrc/controllers/UserController/index.ts[0m:[93m74[0m:[93m8[0m - [91merror[0m[90m TS2339: [0mProperty 'status' does not exist on type 'IUserModel & { _id: ObjectId; }'.

[7m74[0m   user.status = !user.status;
[7m  [0m [91m       ~~~~~~[0m
[96msrc/controllers/UserController/index.ts[0m:[93m74[0m:[93m23[0m - [91merror[0m[90m TS2339: [0mProperty 'status' does not exist on type 'IUserModel & { _id: ObjectId; }'.

[7m74[0m   user.status = !user.status;
[7m  [0m [91m                      ~~~~~~[0m

    at createTSError (/Users/macbook/Desktop/users-service/node_modules/ts-node/src/index.ts:859:12)
    at reportTSError (/Users/macbook/Desktop/users-service/node_modules/ts-node/src/index.ts:863:19)
    at getOutput (/Users/macbook/Desktop/users-service/node_modules/ts-node/src/index.ts:1077:36)
    at Object.compile (/Users/macbook/Desktop/users-service/node_modules/ts-node/src/index.ts:1433:41)
    at Module.m._compile (/Users/macbook/Desktop/users-service/node_modules/ts-node/src/index.ts:1617:30)
    at Module._extensions..js (node:internal/modules/cjs/loader:1414:10)
    at Object.require.extensions.<computed> [as .ts] (/Users/macbook/Desktop/users-service/node_modules/ts-node/src/index.ts:1621:12)
    at Module.load (node:internal/modules/cjs/loader:1197:32)
    at Function.Module._load (node:internal/modules/cjs/loader:1013:12)
    at Module.require (node:internal/modules/cjs/loader:1225:19) [unkown-service] development 2024-07-09T02:01:00.153Z
[31merror[39m: uncaughtException: тип Unable to compile TypeScript:
[96msrc/controllers/UserController/index.ts[0m:[93m69[0m:[93m36[0m - [91merror[0m[90m TS2304: [0mCannot find name '_id'.

[7m69[0m   const user = await User.findById(_id: id).select(EXCLUDE_FIELDS.USER);
[7m  [0m [91m                                   ~~~[0m
[96msrc/controllers/UserController/index.ts[0m:[93m69[0m:[93m39[0m - [91merror[0m[90m TS1005: [0m',' expected.

[7m69[0m   const user = await User.findById(_id: id).select(EXCLUDE_FIELDS.USER);
[7m  [0m [91m                                      ~[0m

TSError: тип Unable to compile TypeScript:
[96msrc/controllers/UserController/index.ts[0m:[93m69[0m:[93m36[0m - [91merror[0m[90m TS2304: [0mCannot find name '_id'.

[7m69[0m   const user = await User.findById(_id: id).select(EXCLUDE_FIELDS.USER);
[7m  [0m [91m                                   ~~~[0m
[96msrc/controllers/UserController/index.ts[0m:[93m69[0m:[93m39[0m - [91merror[0m[90m TS1005: [0m',' expected.

[7m69[0m   const user = await User.findById(_id: id).select(EXCLUDE_FIELDS.USER);
[7m  [0m [91m                                      ~[0m

    at createTSError (/Users/macbook/Desktop/users-service/node_modules/ts-node/src/index.ts:859:12)
    at reportTSError (/Users/macbook/Desktop/users-service/node_modules/ts-node/src/index.ts:863:19)
    at getOutput (/Users/macbook/Desktop/users-service/node_modules/ts-node/src/index.ts:1077:36)
    at Object.compile (/Users/macbook/Desktop/users-service/node_modules/ts-node/src/index.ts:1433:41)
    at Module.m._compile (/Users/macbook/Desktop/users-service/node_modules/ts-node/src/index.ts:1617:30)
    at Module._extensions..js (node:internal/modules/cjs/loader:1414:10)
    at Object.require.extensions.<computed> [as .ts] (/Users/macbook/Desktop/users-service/node_modules/ts-node/src/index.ts:1621:12)
    at Module.load (node:internal/modules/cjs/loader:1197:32)
    at Function.Module._load (node:internal/modules/cjs/loader:1013:12)
    at Module.require (node:internal/modules/cjs/loader:1225:19) [unkown-service] development 2024-07-09 03:03:43
error: uncaughtException: тип Unable to compile TypeScript:
[96msrc/controllers/UserController/index.ts[0m:[93m69[0m:[93m36[0m - [91merror[0m[90m TS2304: [0mCannot find name '_id'.

[7m69[0m   const user = await User.findById(_id: id).select(EXCLUDE_FIELDS.USER);
[7m  [0m [91m                                   ~~~[0m
[96msrc/controllers/UserController/index.ts[0m:[93m69[0m:[93m39[0m - [91merror[0m[90m TS1005: [0m',' expected.

[7m69[0m   const user = await User.findById(_id: id).select(EXCLUDE_FIELDS.USER);
[7m  [0m [91m                                      ~[0m

TSError: тип Unable to compile TypeScript:
[96msrc/controllers/UserController/index.ts[0m:[93m69[0m:[93m36[0m - [91merror[0m[90m TS2304: [0mCannot find name '_id'.

[7m69[0m   const user = await User.findById(_id: id).select(EXCLUDE_FIELDS.USER);
[7m  [0m [91m                                   ~~~[0m
[96msrc/controllers/UserController/index.ts[0m:[93m69[0m:[93m39[0m - [91merror[0m[90m TS1005: [0m',' expected.

[7m69[0m   const user = await User.findById(_id: id).select(EXCLUDE_FIELDS.USER);
[7m  [0m [91m                                      ~[0m

    at createTSError (/Users/macbook/Desktop/users-service/node_modules/ts-node/src/index.ts:859:12)
    at reportTSError (/Users/macbook/Desktop/users-service/node_modules/ts-node/src/index.ts:863:19)
    at getOutput (/Users/macbook/Desktop/users-service/node_modules/ts-node/src/index.ts:1077:36)
    at Object.compile (/Users/macbook/Desktop/users-service/node_modules/ts-node/src/index.ts:1433:41)
    at Module.m._compile (/Users/macbook/Desktop/users-service/node_modules/ts-node/src/index.ts:1617:30)
    at Module._extensions..js (node:internal/modules/cjs/loader:1414:10)
    at Object.require.extensions.<computed> [as .ts] (/Users/macbook/Desktop/users-service/node_modules/ts-node/src/index.ts:1621:12)
    at Module.load (node:internal/modules/cjs/loader:1197:32)
    at Function.Module._load (node:internal/modules/cjs/loader:1013:12)
    at Module.require (node:internal/modules/cjs/loader:1225:19) [unkown-service] development 2024-07-09T02:03:43.452Z
[31merror[39m: uncaughtException: тип Unable to compile TypeScript:
[96msrc/controllers/UserController/index.ts[0m:[93m74[0m:[93m8[0m - [91merror[0m[90m TS2339: [0mProperty 'status' does not exist on type 'IUserModel & { _id: ObjectId; }'.

[7m74[0m   user.status = !user.status;
[7m  [0m [91m       ~~~~~~[0m
[96msrc/controllers/UserController/index.ts[0m:[93m74[0m:[93m23[0m - [91merror[0m[90m TS2339: [0mProperty 'status' does not exist on type 'IUserModel & { _id: ObjectId; }'.

[7m74[0m   user.status = !user.status;
[7m  [0m [91m                      ~~~~~~[0m

TSError: тип Unable to compile TypeScript:
[96msrc/controllers/UserController/index.ts[0m:[93m74[0m:[93m8[0m - [91merror[0m[90m TS2339: [0mProperty 'status' does not exist on type 'IUserModel & { _id: ObjectId; }'.

[7m74[0m   user.status = !user.status;
[7m  [0m [91m       ~~~~~~[0m
[96msrc/controllers/UserController/index.ts[0m:[93m74[0m:[93m23[0m - [91merror[0m[90m TS2339: [0mProperty 'status' does not exist on type 'IUserModel & { _id: ObjectId; }'.

[7m74[0m   user.status = !user.status;
[7m  [0m [91m                      ~~~~~~[0m

    at createTSError (/Users/macbook/Desktop/users-service/node_modules/ts-node/src/index.ts:859:12)
    at reportTSError (/Users/macbook/Desktop/users-service/node_modules/ts-node/src/index.ts:863:19)
    at getOutput (/Users/macbook/Desktop/users-service/node_modules/ts-node/src/index.ts:1077:36)
    at Object.compile (/Users/macbook/Desktop/users-service/node_modules/ts-node/src/index.ts:1433:41)
    at Module.m._compile (/Users/macbook/Desktop/users-service/node_modules/ts-node/src/index.ts:1617:30)
    at Module._extensions..js (node:internal/modules/cjs/loader:1414:10)
    at Object.require.extensions.<computed> [as .ts] (/Users/macbook/Desktop/users-service/node_modules/ts-node/src/index.ts:1621:12)
    at Module.load (node:internal/modules/cjs/loader:1197:32)
    at Function.Module._load (node:internal/modules/cjs/loader:1013:12)
    at Module.require (node:internal/modules/cjs/loader:1225:19) [unkown-service] development 2024-07-09 03:03:54
error: uncaughtException: тип Unable to compile TypeScript:
[96msrc/controllers/UserController/index.ts[0m:[93m74[0m:[93m8[0m - [91merror[0m[90m TS2339: [0mProperty 'status' does not exist on type 'IUserModel & { _id: ObjectId; }'.

[7m74[0m   user.status = !user.status;
[7m  [0m [91m       ~~~~~~[0m
[96msrc/controllers/UserController/index.ts[0m:[93m74[0m:[93m23[0m - [91merror[0m[90m TS2339: [0mProperty 'status' does not exist on type 'IUserModel & { _id: ObjectId; }'.

[7m74[0m   user.status = !user.status;
[7m  [0m [91m                      ~~~~~~[0m

TSError: тип Unable to compile TypeScript:
[96msrc/controllers/UserController/index.ts[0m:[93m74[0m:[93m8[0m - [91merror[0m[90m TS2339: [0mProperty 'status' does not exist on type 'IUserModel & { _id: ObjectId; }'.

[7m74[0m   user.status = !user.status;
[7m  [0m [91m       ~~~~~~[0m
[96msrc/controllers/UserController/index.ts[0m:[93m74[0m:[93m23[0m - [91merror[0m[90m TS2339: [0mProperty 'status' does not exist on type 'IUserModel & { _id: ObjectId; }'.

[7m74[0m   user.status = !user.status;
[7m  [0m [91m                      ~~~~~~[0m

    at createTSError (/Users/macbook/Desktop/users-service/node_modules/ts-node/src/index.ts:859:12)
    at reportTSError (/Users/macbook/Desktop/users-service/node_modules/ts-node/src/index.ts:863:19)
    at getOutput (/Users/macbook/Desktop/users-service/node_modules/ts-node/src/index.ts:1077:36)
    at Object.compile (/Users/macbook/Desktop/users-service/node_modules/ts-node/src/index.ts:1433:41)
    at Module.m._compile (/Users/macbook/Desktop/users-service/node_modules/ts-node/src/index.ts:1617:30)
    at Module._extensions..js (node:internal/modules/cjs/loader:1414:10)
    at Object.require.extensions.<computed> [as .ts] (/Users/macbook/Desktop/users-service/node_modules/ts-node/src/index.ts:1621:12)
    at Module.load (node:internal/modules/cjs/loader:1197:32)
    at Function.Module._load (node:internal/modules/cjs/loader:1013:12)
    at Module.require (node:internal/modules/cjs/loader:1225:19) [unkown-service] development 2024-07-09T02:03:54.555Z
[31merror[39m: uncaughtException: тип Unable to compile TypeScript:
[96msrc/controllers/UserController/index.ts[0m:[93m74[0m:[93m8[0m - [91merror[0m[90m TS2339: [0mProperty 'status' does not exist on type 'IUserModel & { _id: ObjectId; }'.

[7m74[0m   user.status = !user.status;
[7m  [0m [91m       ~~~~~~[0m
[96msrc/controllers/UserController/index.ts[0m:[93m74[0m:[93m23[0m - [91merror[0m[90m TS2339: [0mProperty 'status' does not exist on type 'IUserModel & { _id: ObjectId; }'.

[7m74[0m   user.status = !user.status;
[7m  [0m [91m                      ~~~~~~[0m

TSError: тип Unable to compile TypeScript:
[96msrc/controllers/UserController/index.ts[0m:[93m74[0m:[93m8[0m - [91merror[0m[90m TS2339: [0mProperty 'status' does not exist on type 'IUserModel & { _id: ObjectId; }'.

[7m74[0m   user.status = !user.status;
[7m  [0m [91m       ~~~~~~[0m
[96msrc/controllers/UserController/index.ts[0m:[93m74[0m:[93m23[0m - [91merror[0m[90m TS2339: [0mProperty 'status' does not exist on type 'IUserModel & { _id: ObjectId; }'.

[7m74[0m   user.status = !user.status;
[7m  [0m [91m                      ~~~~~~[0m

    at createTSError (/Users/macbook/Desktop/users-service/node_modules/ts-node/src/index.ts:859:12)
    at reportTSError (/Users/macbook/Desktop/users-service/node_modules/ts-node/src/index.ts:863:19)
    at getOutput (/Users/macbook/Desktop/users-service/node_modules/ts-node/src/index.ts:1077:36)
    at Object.compile (/Users/macbook/Desktop/users-service/node_modules/ts-node/src/index.ts:1433:41)
    at Module.m._compile (/Users/macbook/Desktop/users-service/node_modules/ts-node/src/index.ts:1617:30)
    at Module._extensions..js (node:internal/modules/cjs/loader:1414:10)
    at Object.require.extensions.<computed> [as .ts] (/Users/macbook/Desktop/users-service/node_modules/ts-node/src/index.ts:1621:12)
    at Module.load (node:internal/modules/cjs/loader:1197:32)
    at Function.Module._load (node:internal/modules/cjs/loader:1013:12)
    at Module.require (node:internal/modules/cjs/loader:1225:19) [unkown-service] development 2024-07-09 03:05:48
error: uncaughtException: тип Unable to compile TypeScript:
[96msrc/controllers/UserController/index.ts[0m:[93m74[0m:[93m8[0m - [91merror[0m[90m TS2339: [0mProperty 'status' does not exist on type 'IUserModel & { _id: ObjectId; }'.

[7m74[0m   user.status = !user.status;
[7m  [0m [91m       ~~~~~~[0m
[96msrc/controllers/UserController/index.ts[0m:[93m74[0m:[93m23[0m - [91merror[0m[90m TS2339: [0mProperty 'status' does not exist on type 'IUserModel & { _id: ObjectId; }'.

[7m74[0m   user.status = !user.status;
[7m  [0m [91m                      ~~~~~~[0m

TSError: тип Unable to compile TypeScript:
[96msrc/controllers/UserController/index.ts[0m:[93m74[0m:[93m8[0m - [91merror[0m[90m TS2339: [0mProperty 'status' does not exist on type 'IUserModel & { _id: ObjectId; }'.

[7m74[0m   user.status = !user.status;
[7m  [0m [91m       ~~~~~~[0m
[96msrc/controllers/UserController/index.ts[0m:[93m74[0m:[93m23[0m - [91merror[0m[90m TS2339: [0mProperty 'status' does not exist on type 'IUserModel & { _id: ObjectId; }'.

[7m74[0m   user.status = !user.status;
[7m  [0m [91m                      ~~~~~~[0m

    at createTSError (/Users/macbook/Desktop/users-service/node_modules/ts-node/src/index.ts:859:12)
    at reportTSError (/Users/macbook/Desktop/users-service/node_modules/ts-node/src/index.ts:863:19)
    at getOutput (/Users/macbook/Desktop/users-service/node_modules/ts-node/src/index.ts:1077:36)
    at Object.compile (/Users/macbook/Desktop/users-service/node_modules/ts-node/src/index.ts:1433:41)
    at Module.m._compile (/Users/macbook/Desktop/users-service/node_modules/ts-node/src/index.ts:1617:30)
    at Module._extensions..js (node:internal/modules/cjs/loader:1414:10)
    at Object.require.extensions.<computed> [as .ts] (/Users/macbook/Desktop/users-service/node_modules/ts-node/src/index.ts:1621:12)
    at Module.load (node:internal/modules/cjs/loader:1197:32)
    at Function.Module._load (node:internal/modules/cjs/loader:1013:12)
    at Module.require (node:internal/modules/cjs/loader:1225:19) [unkown-service] development 2024-07-09T02:05:48.300Z
[31merror[39m: uncaughtException: тип Unable to compile TypeScript:
[96msrc/controllers/UserController/index.ts[0m:[93m74[0m:[93m8[0m - [91merror[0m[90m TS2339: [0mProperty 'statuses' does not exist on type 'IUserModel & { _id: ObjectId; }'.

[7m74[0m   user.statuses = !user.statuses;
[7m  [0m [91m       ~~~~~~~~[0m
[96msrc/controllers/UserController/index.ts[0m:[93m74[0m:[93m25[0m - [91merror[0m[90m TS2339: [0mProperty 'statuses' does not exist on type 'IUserModel & { _id: ObjectId; }'.

[7m74[0m   user.statuses = !user.statuses;
[7m  [0m [91m                        ~~~~~~~~[0m

TSError: тип Unable to compile TypeScript:
[96msrc/controllers/UserController/index.ts[0m:[93m74[0m:[93m8[0m - [91merror[0m[90m TS2339: [0mProperty 'statuses' does not exist on type 'IUserModel & { _id: ObjectId; }'.

[7m74[0m   user.statuses = !user.statuses;
[7m  [0m [91m       ~~~~~~~~[0m
[96msrc/controllers/UserController/index.ts[0m:[93m74[0m:[93m25[0m - [91merror[0m[90m TS2339: [0mProperty 'statuses' does not exist on type 'IUserModel & { _id: ObjectId; }'.

[7m74[0m   user.statuses = !user.statuses;
[7m  [0m [91m                        ~~~~~~~~[0m

    at createTSError (/Users/macbook/Desktop/users-service/node_modules/ts-node/src/index.ts:859:12)
    at reportTSError (/Users/macbook/Desktop/users-service/node_modules/ts-node/src/index.ts:863:19)
    at getOutput (/Users/macbook/Desktop/users-service/node_modules/ts-node/src/index.ts:1077:36)
    at Object.compile (/Users/macbook/Desktop/users-service/node_modules/ts-node/src/index.ts:1433:41)
    at Module.m._compile (/Users/macbook/Desktop/users-service/node_modules/ts-node/src/index.ts:1617:30)
    at Module._extensions..js (node:internal/modules/cjs/loader:1414:10)
    at Object.require.extensions.<computed> [as .ts] (/Users/macbook/Desktop/users-service/node_modules/ts-node/src/index.ts:1621:12)
    at Module.load (node:internal/modules/cjs/loader:1197:32)
    at Function.Module._load (node:internal/modules/cjs/loader:1013:12)
    at Module.require (node:internal/modules/cjs/loader:1225:19) [unkown-service] development 2024-07-09 03:05:55
error: uncaughtException: тип Unable to compile TypeScript:
[96msrc/controllers/UserController/index.ts[0m:[93m74[0m:[93m8[0m - [91merror[0m[90m TS2339: [0mProperty 'statuses' does not exist on type 'IUserModel & { _id: ObjectId; }'.

[7m74[0m   user.statuses = !user.statuses;
[7m  [0m [91m       ~~~~~~~~[0m
[96msrc/controllers/UserController/index.ts[0m:[93m74[0m:[93m25[0m - [91merror[0m[90m TS2339: [0mProperty 'statuses' does not exist on type 'IUserModel & { _id: ObjectId; }'.

[7m74[0m   user.statuses = !user.statuses;
[7m  [0m [91m                        ~~~~~~~~[0m

TSError: тип Unable to compile TypeScript:
[96msrc/controllers/UserController/index.ts[0m:[93m74[0m:[93m8[0m - [91merror[0m[90m TS2339: [0mProperty 'statuses' does not exist on type 'IUserModel & { _id: ObjectId; }'.

[7m74[0m   user.statuses = !user.statuses;
[7m  [0m [91m       ~~~~~~~~[0m
[96msrc/controllers/UserController/index.ts[0m:[93m74[0m:[93m25[0m - [91merror[0m[90m TS2339: [0mProperty 'statuses' does not exist on type 'IUserModel & { _id: ObjectId; }'.

[7m74[0m   user.statuses = !user.statuses;
[7m  [0m [91m                        ~~~~~~~~[0m

    at createTSError (/Users/macbook/Desktop/users-service/node_modules/ts-node/src/index.ts:859:12)
    at reportTSError (/Users/macbook/Desktop/users-service/node_modules/ts-node/src/index.ts:863:19)
    at getOutput (/Users/macbook/Desktop/users-service/node_modules/ts-node/src/index.ts:1077:36)
    at Object.compile (/Users/macbook/Desktop/users-service/node_modules/ts-node/src/index.ts:1433:41)
    at Module.m._compile (/Users/macbook/Desktop/users-service/node_modules/ts-node/src/index.ts:1617:30)
    at Module._extensions..js (node:internal/modules/cjs/loader:1414:10)
    at Object.require.extensions.<computed> [as .ts] (/Users/macbook/Desktop/users-service/node_modules/ts-node/src/index.ts:1621:12)
    at Module.load (node:internal/modules/cjs/loader:1197:32)
    at Function.Module._load (node:internal/modules/cjs/loader:1013:12)
    at Module.require (node:internal/modules/cjs/loader:1225:19) [unkown-service] development 2024-07-09T02:05:55.705Z
[31merror[39m: uncaughtException: тип Unable to compile TypeScript:
[96msrc/controllers/UserController/index.ts[0m:[93m74[0m:[93m8[0m - [91merror[0m[90m TS2339: [0mProperty 'status' does not exist on type 'IUserModel & { _id: ObjectId; }'.

[7m74[0m   user.status = !user.status;
[7m  [0m [91m       ~~~~~~[0m
[96msrc/controllers/UserController/index.ts[0m:[93m74[0m:[93m23[0m - [91merror[0m[90m TS2339: [0mProperty 'status' does not exist on type 'IUserModel & { _id: ObjectId; }'.

[7m74[0m   user.status = !user.status;
[7m  [0m [91m                      ~~~~~~[0m

TSError: тип Unable to compile TypeScript:
[96msrc/controllers/UserController/index.ts[0m:[93m74[0m:[93m8[0m - [91merror[0m[90m TS2339: [0mProperty 'status' does not exist on type 'IUserModel & { _id: ObjectId; }'.

[7m74[0m   user.status = !user.status;
[7m  [0m [91m       ~~~~~~[0m
[96msrc/controllers/UserController/index.ts[0m:[93m74[0m:[93m23[0m - [91merror[0m[90m TS2339: [0mProperty 'status' does not exist on type 'IUserModel & { _id: ObjectId; }'.

[7m74[0m   user.status = !user.status;
[7m  [0m [91m                      ~~~~~~[0m

    at createTSError (/Users/macbook/Desktop/users-service/node_modules/ts-node/src/index.ts:859:12)
    at reportTSError (/Users/macbook/Desktop/users-service/node_modules/ts-node/src/index.ts:863:19)
    at getOutput (/Users/macbook/Desktop/users-service/node_modules/ts-node/src/index.ts:1077:36)
    at Object.compile (/Users/macbook/Desktop/users-service/node_modules/ts-node/src/index.ts:1433:41)
    at Module.m._compile (/Users/macbook/Desktop/users-service/node_modules/ts-node/src/index.ts:1617:30)
    at Module._extensions..js (node:internal/modules/cjs/loader:1414:10)
    at Object.require.extensions.<computed> [as .ts] (/Users/macbook/Desktop/users-service/node_modules/ts-node/src/index.ts:1621:12)
    at Module.load (node:internal/modules/cjs/loader:1197:32)
    at Function.Module._load (node:internal/modules/cjs/loader:1013:12)
    at Module.require (node:internal/modules/cjs/loader:1225:19) [unkown-service] development 2024-07-09 03:09:46
error: uncaughtException: тип Unable to compile TypeScript:
[96msrc/controllers/UserController/index.ts[0m:[93m74[0m:[93m8[0m - [91merror[0m[90m TS2339: [0mProperty 'status' does not exist on type 'IUserModel & { _id: ObjectId; }'.

[7m74[0m   user.status = !user.status;
[7m  [0m [91m       ~~~~~~[0m
[96msrc/controllers/UserController/index.ts[0m:[93m74[0m:[93m23[0m - [91merror[0m[90m TS2339: [0mProperty 'status' does not exist on type 'IUserModel & { _id: ObjectId; }'.

[7m74[0m   user.status = !user.status;
[7m  [0m [91m                      ~~~~~~[0m

TSError: тип Unable to compile TypeScript:
[96msrc/controllers/UserController/index.ts[0m:[93m74[0m:[93m8[0m - [91merror[0m[90m TS2339: [0mProperty 'status' does not exist on type 'IUserModel & { _id: ObjectId; }'.

[7m74[0m   user.status = !user.status;
[7m  [0m [91m       ~~~~~~[0m
[96msrc/controllers/UserController/index.ts[0m:[93m74[0m:[93m23[0m - [91merror[0m[90m TS2339: [0mProperty 'status' does not exist on type 'IUserModel & { _id: ObjectId; }'.

[7m74[0m   user.status = !user.status;
[7m  [0m [91m                      ~~~~~~[0m

    at createTSError (/Users/macbook/Desktop/users-service/node_modules/ts-node/src/index.ts:859:12)
    at reportTSError (/Users/macbook/Desktop/users-service/node_modules/ts-node/src/index.ts:863:19)
    at getOutput (/Users/macbook/Desktop/users-service/node_modules/ts-node/src/index.ts:1077:36)
    at Object.compile (/Users/macbook/Desktop/users-service/node_modules/ts-node/src/index.ts:1433:41)
    at Module.m._compile (/Users/macbook/Desktop/users-service/node_modules/ts-node/src/index.ts:1617:30)
    at Module._extensions..js (node:internal/modules/cjs/loader:1414:10)
    at Object.require.extensions.<computed> [as .ts] (/Users/macbook/Desktop/users-service/node_modules/ts-node/src/index.ts:1621:12)
    at Module.load (node:internal/modules/cjs/loader:1197:32)
    at Function.Module._load (node:internal/modules/cjs/loader:1013:12)
    at Module.require (node:internal/modules/cjs/loader:1225:19) [unkown-service] development 2024-07-09T02:09:46.092Z
[31merror[39m: uncaughtException: тип Unable to compile TypeScript:
[96msrc/controllers/UserController/index.ts[0m:[93m76[0m:[93m16[0m - [91merror[0m[90m TS2304: [0mCannot find name 'IUser'.

[7m76[0m   const users: IUser[] = await User.find({});
[7m  [0m [91m               ~~~~~[0m

TSError: тип Unable to compile TypeScript:
[96msrc/controllers/UserController/index.ts[0m:[93m76[0m:[93m16[0m - [91merror[0m[90m TS2304: [0mCannot find name 'IUser'.

[7m76[0m   const users: IUser[] = await User.find({});
[7m  [0m [91m               ~~~~~[0m

    at createTSError (/Users/macbook/Desktop/users-service/node_modules/ts-node/src/index.ts:859:12)
    at reportTSError (/Users/macbook/Desktop/users-service/node_modules/ts-node/src/index.ts:863:19)
    at getOutput (/Users/macbook/Desktop/users-service/node_modules/ts-node/src/index.ts:1077:36)
    at Object.compile (/Users/macbook/Desktop/users-service/node_modules/ts-node/src/index.ts:1433:41)
    at Module.m._compile (/Users/macbook/Desktop/users-service/node_modules/ts-node/src/index.ts:1617:30)
    at Module._extensions..js (node:internal/modules/cjs/loader:1414:10)
    at Object.require.extensions.<computed> [as .ts] (/Users/macbook/Desktop/users-service/node_modules/ts-node/src/index.ts:1621:12)
    at Module.load (node:internal/modules/cjs/loader:1197:32)
    at Function.Module._load (node:internal/modules/cjs/loader:1013:12)
    at Module.require (node:internal/modules/cjs/loader:1225:19) [unkown-service] development 2024-07-09 03:11:57
error: uncaughtException: тип Unable to compile TypeScript:
[96msrc/controllers/UserController/index.ts[0m:[93m76[0m:[93m16[0m - [91merror[0m[90m TS2304: [0mCannot find name 'IUser'.

[7m76[0m   const users: IUser[] = await User.find({});
[7m  [0m [91m               ~~~~~[0m

TSError: тип Unable to compile TypeScript:
[96msrc/controllers/UserController/index.ts[0m:[93m76[0m:[93m16[0m - [91merror[0m[90m TS2304: [0mCannot find name 'IUser'.

[7m76[0m   const users: IUser[] = await User.find({});
[7m  [0m [91m               ~~~~~[0m

    at createTSError (/Users/macbook/Desktop/users-service/node_modules/ts-node/src/index.ts:859:12)
    at reportTSError (/Users/macbook/Desktop/users-service/node_modules/ts-node/src/index.ts:863:19)
    at getOutput (/Users/macbook/Desktop/users-service/node_modules/ts-node/src/index.ts:1077:36)
    at Object.compile (/Users/macbook/Desktop/users-service/node_modules/ts-node/src/index.ts:1433:41)
    at Module.m._compile (/Users/macbook/Desktop/users-service/node_modules/ts-node/src/index.ts:1617:30)
    at Module._extensions..js (node:internal/modules/cjs/loader:1414:10)
    at Object.require.extensions.<computed> [as .ts] (/Users/macbook/Desktop/users-service/node_modules/ts-node/src/index.ts:1621:12)
    at Module.load (node:internal/modules/cjs/loader:1197:32)
    at Function.Module._load (node:internal/modules/cjs/loader:1013:12)
    at Module.require (node:internal/modules/cjs/loader:1225:19) [unkown-service] development 2024-07-09T02:11:57.723Z
[31merror[39m: uncaughtException: тип Unable to compile TypeScript:
[96msrc/controllers/UserController/index.ts[0m:[93m79[0m:[93m9[0m - [91merror[0m[90m TS2339: [0mProperty 'status' does not exist on type 'IUserModel & { _id: ObjectId; }'.

[7m79[0m    user.status = true; // Example migration logic
[7m  [0m [91m        ~~~~~~[0m

TSError: тип Unable to compile TypeScript:
[96msrc/controllers/UserController/index.ts[0m:[93m79[0m:[93m9[0m - [91merror[0m[90m TS2339: [0mProperty 'status' does not exist on type 'IUserModel & { _id: ObjectId; }'.

[7m79[0m    user.status = true; // Example migration logic
[7m  [0m [91m        ~~~~~~[0m

    at createTSError (/Users/macbook/Desktop/users-service/node_modules/ts-node/src/index.ts:859:12)
    at reportTSError (/Users/macbook/Desktop/users-service/node_modules/ts-node/src/index.ts:863:19)
    at getOutput (/Users/macbook/Desktop/users-service/node_modules/ts-node/src/index.ts:1077:36)
    at Object.compile (/Users/macbook/Desktop/users-service/node_modules/ts-node/src/index.ts:1433:41)
    at Module.m._compile (/Users/macbook/Desktop/users-service/node_modules/ts-node/src/index.ts:1617:30)
    at Module._extensions..js (node:internal/modules/cjs/loader:1414:10)
    at Object.require.extensions.<computed> [as .ts] (/Users/macbook/Desktop/users-service/node_modules/ts-node/src/index.ts:1621:12)
    at Module.load (node:internal/modules/cjs/loader:1197:32)
    at Function.Module._load (node:internal/modules/cjs/loader:1013:12)
    at Module.require (node:internal/modules/cjs/loader:1225:19) [unkown-service] development 2024-07-09 03:12:18
error: uncaughtException: тип Unable to compile TypeScript:
[96msrc/controllers/UserController/index.ts[0m:[93m79[0m:[93m9[0m - [91merror[0m[90m TS2339: [0mProperty 'status' does not exist on type 'IUserModel & { _id: ObjectId; }'.

[7m79[0m    user.status = true; // Example migration logic
[7m  [0m [91m        ~~~~~~[0m

TSError: тип Unable to compile TypeScript:
[96msrc/controllers/UserController/index.ts[0m:[93m79[0m:[93m9[0m - [91merror[0m[90m TS2339: [0mProperty 'status' does not exist on type 'IUserModel & { _id: ObjectId; }'.

[7m79[0m    user.status = true; // Example migration logic
[7m  [0m [91m        ~~~~~~[0m

    at createTSError (/Users/macbook/Desktop/users-service/node_modules/ts-node/src/index.ts:859:12)
    at reportTSError (/Users/macbook/Desktop/users-service/node_modules/ts-node/src/index.ts:863:19)
    at getOutput (/Users/macbook/Desktop/users-service/node_modules/ts-node/src/index.ts:1077:36)
    at Object.compile (/Users/macbook/Desktop/users-service/node_modules/ts-node/src/index.ts:1433:41)
    at Module.m._compile (/Users/macbook/Desktop/users-service/node_modules/ts-node/src/index.ts:1617:30)
    at Module._extensions..js (node:internal/modules/cjs/loader:1414:10)
    at Object.require.extensions.<computed> [as .ts] (/Users/macbook/Desktop/users-service/node_modules/ts-node/src/index.ts:1621:12)
    at Module.load (node:internal/modules/cjs/loader:1197:32)
    at Function.Module._load (node:internal/modules/cjs/loader:1013:12)
    at Module.require (node:internal/modules/cjs/loader:1225:19) [unkown-service] development 2024-07-09T02:12:18.150Z
[31merror[39m: uncaughtException: тип Unable to compile TypeScript:
[96msrc/controllers/UserController/index.ts[0m:[93m79[0m:[93m9[0m - [91merror[0m[90m TS2339: [0mProperty 'status' does not exist on type 'IUserModel & { _id: ObjectId; }'.

[7m79[0m    user.status = 'ACTIVE'
[7m  [0m [91m        ~~~~~~[0m

TSError: тип Unable to compile TypeScript:
[96msrc/controllers/UserController/index.ts[0m:[93m79[0m:[93m9[0m - [91merror[0m[90m TS2339: [0mProperty 'status' does not exist on type 'IUserModel & { _id: ObjectId; }'.

[7m79[0m    user.status = 'ACTIVE'
[7m  [0m [91m        ~~~~~~[0m

    at createTSError (/Users/macbook/Desktop/users-service/node_modules/ts-node/src/index.ts:859:12)
    at reportTSError (/Users/macbook/Desktop/users-service/node_modules/ts-node/src/index.ts:863:19)
    at getOutput (/Users/macbook/Desktop/users-service/node_modules/ts-node/src/index.ts:1077:36)
    at Object.compile (/Users/macbook/Desktop/users-service/node_modules/ts-node/src/index.ts:1433:41)
    at Module.m._compile (/Users/macbook/Desktop/users-service/node_modules/ts-node/src/index.ts:1617:30)
    at Module._extensions..js (node:internal/modules/cjs/loader:1414:10)
    at Object.require.extensions.<computed> [as .ts] (/Users/macbook/Desktop/users-service/node_modules/ts-node/src/index.ts:1621:12)
    at Module.load (node:internal/modules/cjs/loader:1197:32)
    at Function.Module._load (node:internal/modules/cjs/loader:1013:12)
    at Module.require (node:internal/modules/cjs/loader:1225:19) [unkown-service] development 2024-07-09 03:12:32
error: uncaughtException: тип Unable to compile TypeScript:
[96msrc/controllers/UserController/index.ts[0m:[93m79[0m:[93m9[0m - [91merror[0m[90m TS2339: [0mProperty 'status' does not exist on type 'IUserModel & { _id: ObjectId; }'.

[7m79[0m    user.status = 'ACTIVE'
[7m  [0m [91m        ~~~~~~[0m

TSError: тип Unable to compile TypeScript:
[96msrc/controllers/UserController/index.ts[0m:[93m79[0m:[93m9[0m - [91merror[0m[90m TS2339: [0mProperty 'status' does not exist on type 'IUserModel & { _id: ObjectId; }'.

[7m79[0m    user.status = 'ACTIVE'
[7m  [0m [91m        ~~~~~~[0m

    at createTSError (/Users/macbook/Desktop/users-service/node_modules/ts-node/src/index.ts:859:12)
    at reportTSError (/Users/macbook/Desktop/users-service/node_modules/ts-node/src/index.ts:863:19)
    at getOutput (/Users/macbook/Desktop/users-service/node_modules/ts-node/src/index.ts:1077:36)
    at Object.compile (/Users/macbook/Desktop/users-service/node_modules/ts-node/src/index.ts:1433:41)
    at Module.m._compile (/Users/macbook/Desktop/users-service/node_modules/ts-node/src/index.ts:1617:30)
    at Module._extensions..js (node:internal/modules/cjs/loader:1414:10)
    at Object.require.extensions.<computed> [as .ts] (/Users/macbook/Desktop/users-service/node_modules/ts-node/src/index.ts:1621:12)
    at Module.load (node:internal/modules/cjs/loader:1197:32)
    at Function.Module._load (node:internal/modules/cjs/loader:1013:12)
    at Module.require (node:internal/modules/cjs/loader:1225:19) [unkown-service] development 2024-07-09T02:12:32.676Z
[31merror[39m: uncaughtException: тип Unable to compile TypeScript:
[96msrc/controllers/UserController/index.ts[0m:[93m79[0m:[93m9[0m - [91merror[0m[90m TS2339: [0mProperty 'status' does not exist on type 'IUserModel & { _id: ObjectId; }'.

[7m79[0m    user.status = 'ACTIVE'
[7m  [0m [91m        ~~~~~~[0m
[96msrc/controllers/UserController/index.ts[0m:[93m87[0m:[93m13[0m - [91merror[0m[90m TS2552: [0mCannot find name 'user'. Did you mean 'users'?

[7m87[0m     object: user,
[7m  [0m [91m            ~~~~[0m

  [96msrc/controllers/UserController/index.ts[0m:[93m76[0m:[93m9[0m
    [7m76[0m   const users = await User.find({});
    [7m  [0m [96m        ~~~~~[0m
    'users' is declared here.

TSError: тип Unable to compile TypeScript:
[96msrc/controllers/UserController/index.ts[0m:[93m79[0m:[93m9[0m - [91merror[0m[90m TS2339: [0mProperty 'status' does not exist on type 'IUserModel & { _id: ObjectId; }'.

[7m79[0m    user.status = 'ACTIVE'
[7m  [0m [91m        ~~~~~~[0m
[96msrc/controllers/UserController/index.ts[0m:[93m87[0m:[93m13[0m - [91merror[0m[90m TS2552: [0mCannot find name 'user'. Did you mean 'users'?

[7m87[0m     object: user,
[7m  [0m [91m            ~~~~[0m

  [96msrc/controllers/UserController/index.ts[0m:[93m76[0m:[93m9[0m
    [7m76[0m   const users = await User.find({});
    [7m  [0m [96m        ~~~~~[0m
    'users' is declared here.

    at createTSError (/Users/macbook/Desktop/users-service/node_modules/ts-node/src/index.ts:859:12)
    at reportTSError (/Users/macbook/Desktop/users-service/node_modules/ts-node/src/index.ts:863:19)
    at getOutput (/Users/macbook/Desktop/users-service/node_modules/ts-node/src/index.ts:1077:36)
    at Object.compile (/Users/macbook/Desktop/users-service/node_modules/ts-node/src/index.ts:1433:41)
    at Module.m._compile (/Users/macbook/Desktop/users-service/node_modules/ts-node/src/index.ts:1617:30)
    at Module._extensions..js (node:internal/modules/cjs/loader:1414:10)
    at Object.require.extensions.<computed> [as .ts] (/Users/macbook/Desktop/users-service/node_modules/ts-node/src/index.ts:1621:12)
    at Module.load (node:internal/modules/cjs/loader:1197:32)
    at Function.Module._load (node:internal/modules/cjs/loader:1013:12)
    at Module.require (node:internal/modules/cjs/loader:1225:19) [unkown-service] development 2024-07-09 03:12:48
error: uncaughtException: тип Unable to compile TypeScript:
[96msrc/controllers/UserController/index.ts[0m:[93m79[0m:[93m9[0m - [91merror[0m[90m TS2339: [0mProperty 'status' does not exist on type 'IUserModel & { _id: ObjectId; }'.

[7m79[0m    user.status = 'ACTIVE'
[7m  [0m [91m        ~~~~~~[0m
[96msrc/controllers/UserController/index.ts[0m:[93m87[0m:[93m13[0m - [91merror[0m[90m TS2552: [0mCannot find name 'user'. Did you mean 'users'?

[7m87[0m     object: user,
[7m  [0m [91m            ~~~~[0m

  [96msrc/controllers/UserController/index.ts[0m:[93m76[0m:[93m9[0m
    [7m76[0m   const users = await User.find({});
    [7m  [0m [96m        ~~~~~[0m
    'users' is declared here.

TSError: тип Unable to compile TypeScript:
[96msrc/controllers/UserController/index.ts[0m:[93m79[0m:[93m9[0m - [91merror[0m[90m TS2339: [0mProperty 'status' does not exist on type 'IUserModel & { _id: ObjectId; }'.

[7m79[0m    user.status = 'ACTIVE'
[7m  [0m [91m        ~~~~~~[0m
[96msrc/controllers/UserController/index.ts[0m:[93m87[0m:[93m13[0m - [91merror[0m[90m TS2552: [0mCannot find name 'user'. Did you mean 'users'?

[7m87[0m     object: user,
[7m  [0m [91m            ~~~~[0m

  [96msrc/controllers/UserController/index.ts[0m:[93m76[0m:[93m9[0m
    [7m76[0m   const users = await User.find({});
    [7m  [0m [96m        ~~~~~[0m
    'users' is declared here.

    at createTSError (/Users/macbook/Desktop/users-service/node_modules/ts-node/src/index.ts:859:12)
    at reportTSError (/Users/macbook/Desktop/users-service/node_modules/ts-node/src/index.ts:863:19)
    at getOutput (/Users/macbook/Desktop/users-service/node_modules/ts-node/src/index.ts:1077:36)
    at Object.compile (/Users/macbook/Desktop/users-service/node_modules/ts-node/src/index.ts:1433:41)
    at Module.m._compile (/Users/macbook/Desktop/users-service/node_modules/ts-node/src/index.ts:1617:30)
    at Module._extensions..js (node:internal/modules/cjs/loader:1414:10)
    at Object.require.extensions.<computed> [as .ts] (/Users/macbook/Desktop/users-service/node_modules/ts-node/src/index.ts:1621:12)
    at Module.load (node:internal/modules/cjs/loader:1197:32)
    at Function.Module._load (node:internal/modules/cjs/loader:1013:12)
    at Module.require (node:internal/modules/cjs/loader:1225:19) [unkown-service] development 2024-07-09T02:12:48.228Z
error: uncaughtException: тип Unable to compile TypeScript:
[96msrc/controllers/UserController/index.ts[0m:[93m79[0m:[93m9[0m - [91merror[0m[90m TS2339: [0mProperty 'status' does not exist on type 'IUserModel & { _id: ObjectId; }'.

[7m79[0m    user.status = 'ACTIVE'
[7m  [0m [91m        ~~~~~~[0m

TSError: тип Unable to compile TypeScript:
[96msrc/controllers/UserController/index.ts[0m:[93m79[0m:[93m9[0m - [91merror[0m[90m TS2339: [0mProperty 'status' does not exist on type 'IUserModel & { _id: ObjectId; }'.

[7m79[0m    user.status = 'ACTIVE'
[7m  [0m [91m        ~~~~~~[0m

    at createTSError (/Users/macbook/Desktop/users-service/node_modules/ts-node/src/index.ts:859:12)
    at reportTSError (/Users/macbook/Desktop/users-service/node_modules/ts-node/src/index.ts:863:19)
    at getOutput (/Users/macbook/Desktop/users-service/node_modules/ts-node/src/index.ts:1077:36)
    at Object.compile (/Users/macbook/Desktop/users-service/node_modules/ts-node/src/index.ts:1433:41)
    at Module.m._compile (/Users/macbook/Desktop/users-service/node_modules/ts-node/src/index.ts:1617:30)
    at Module._extensions..js (node:internal/modules/cjs/loader:1414:10)
    at Object.require.extensions.<computed> [as .ts] (/Users/macbook/Desktop/users-service/node_modules/ts-node/src/index.ts:1621:12)
    at Module.load (node:internal/modules/cjs/loader:1197:32)
    at Function.Module._load (node:internal/modules/cjs/loader:1013:12)
    at Module.require (node:internal/modules/cjs/loader:1225:19) [unkown-service] development 2024-07-09T02:13:06.506Z
[31merror[39m: uncaughtException: тип Unable to compile TypeScript:
[96msrc/controllers/UserController/index.ts[0m:[93m79[0m:[93m9[0m - [91merror[0m[90m TS2339: [0mProperty 'status' does not exist on type 'IUserModel & { _id: ObjectId; }'.

[7m79[0m    user.status = 'ACTIVE'
[7m  [0m [91m        ~~~~~~[0m

TSError: тип Unable to compile TypeScript:
[96msrc/controllers/UserController/index.ts[0m:[93m79[0m:[93m9[0m - [91merror[0m[90m TS2339: [0mProperty 'status' does not exist on type 'IUserModel & { _id: ObjectId; }'.

[7m79[0m    user.status = 'ACTIVE'
[7m  [0m [91m        ~~~~~~[0m

    at createTSError (/Users/macbook/Desktop/users-service/node_modules/ts-node/src/index.ts:859:12)
    at reportTSError (/Users/macbook/Desktop/users-service/node_modules/ts-node/src/index.ts:863:19)
    at getOutput (/Users/macbook/Desktop/users-service/node_modules/ts-node/src/index.ts:1077:36)
    at Object.compile (/Users/macbook/Desktop/users-service/node_modules/ts-node/src/index.ts:1433:41)
    at Module.m._compile (/Users/macbook/Desktop/users-service/node_modules/ts-node/src/index.ts:1617:30)
    at Module._extensions..js (node:internal/modules/cjs/loader:1414:10)
    at Object.require.extensions.<computed> [as .ts] (/Users/macbook/Desktop/users-service/node_modules/ts-node/src/index.ts:1621:12)
    at Module.load (node:internal/modules/cjs/loader:1197:32)
    at Function.Module._load (node:internal/modules/cjs/loader:1013:12)
    at Module.require (node:internal/modules/cjs/loader:1225:19) [unkown-service] development 2024-07-09 03:13:06
[31merror[39m: uncaughtException: тип Unable to compile TypeScript:
[96msrc/controllers/UserController/index.ts[0m:[93m79[0m:[93m4[0m - [91merror[0m[90m TS2779: [0mThe left-hand side of an assignment expression may not be an optional property access.

[7m79[0m    user?.status = 'ACTIVE'
[7m  [0m [91m   ~~~~~~~~~~~~[0m
[96msrc/controllers/UserController/index.ts[0m:[93m79[0m:[93m10[0m - [91merror[0m[90m TS2339: [0mProperty 'status' does not exist on type 'IUserModel & { _id: ObjectId; }'.

[7m79[0m    user?.status = 'ACTIVE'
[7m  [0m [91m         ~~~~~~[0m

TSError: тип Unable to compile TypeScript:
[96msrc/controllers/UserController/index.ts[0m:[93m79[0m:[93m4[0m - [91merror[0m[90m TS2779: [0mThe left-hand side of an assignment expression may not be an optional property access.

[7m79[0m    user?.status = 'ACTIVE'
[7m  [0m [91m   ~~~~~~~~~~~~[0m
[96msrc/controllers/UserController/index.ts[0m:[93m79[0m:[93m10[0m - [91merror[0m[90m TS2339: [0mProperty 'status' does not exist on type 'IUserModel & { _id: ObjectId; }'.

[7m79[0m    user?.status = 'ACTIVE'
[7m  [0m [91m         ~~~~~~[0m

    at createTSError (/Users/macbook/Desktop/users-service/node_modules/ts-node/src/index.ts:859:12)
    at reportTSError (/Users/macbook/Desktop/users-service/node_modules/ts-node/src/index.ts:863:19)
    at getOutput (/Users/macbook/Desktop/users-service/node_modules/ts-node/src/index.ts:1077:36)
    at Object.compile (/Users/macbook/Desktop/users-service/node_modules/ts-node/src/index.ts:1433:41)
    at Module.m._compile (/Users/macbook/Desktop/users-service/node_modules/ts-node/src/index.ts:1617:30)
    at Module._extensions..js (node:internal/modules/cjs/loader:1414:10)
    at Object.require.extensions.<computed> [as .ts] (/Users/macbook/Desktop/users-service/node_modules/ts-node/src/index.ts:1621:12)
    at Module.load (node:internal/modules/cjs/loader:1197:32)
    at Function.Module._load (node:internal/modules/cjs/loader:1013:12)
    at Module.require (node:internal/modules/cjs/loader:1225:19) [unkown-service] development 2024-07-09 03:13:40
error: uncaughtException: тип Unable to compile TypeScript:
[96msrc/controllers/UserController/index.ts[0m:[93m79[0m:[93m4[0m - [91merror[0m[90m TS2779: [0mThe left-hand side of an assignment expression may not be an optional property access.

[7m79[0m    user?.status = 'ACTIVE'
[7m  [0m [91m   ~~~~~~~~~~~~[0m
[96msrc/controllers/UserController/index.ts[0m:[93m79[0m:[93m10[0m - [91merror[0m[90m TS2339: [0mProperty 'status' does not exist on type 'IUserModel & { _id: ObjectId; }'.

[7m79[0m    user?.status = 'ACTIVE'
[7m  [0m [91m         ~~~~~~[0m

TSError: тип Unable to compile TypeScript:
[96msrc/controllers/UserController/index.ts[0m:[93m79[0m:[93m4[0m - [91merror[0m[90m TS2779: [0mThe left-hand side of an assignment expression may not be an optional property access.

[7m79[0m    user?.status = 'ACTIVE'
[7m  [0m [91m   ~~~~~~~~~~~~[0m
[96msrc/controllers/UserController/index.ts[0m:[93m79[0m:[93m10[0m - [91merror[0m[90m TS2339: [0mProperty 'status' does not exist on type 'IUserModel & { _id: ObjectId; }'.

[7m79[0m    user?.status = 'ACTIVE'
[7m  [0m [91m         ~~~~~~[0m

    at createTSError (/Users/macbook/Desktop/users-service/node_modules/ts-node/src/index.ts:859:12)
    at reportTSError (/Users/macbook/Desktop/users-service/node_modules/ts-node/src/index.ts:863:19)
    at getOutput (/Users/macbook/Desktop/users-service/node_modules/ts-node/src/index.ts:1077:36)
    at Object.compile (/Users/macbook/Desktop/users-service/node_modules/ts-node/src/index.ts:1433:41)
    at Module.m._compile (/Users/macbook/Desktop/users-service/node_modules/ts-node/src/index.ts:1617:30)
    at Module._extensions..js (node:internal/modules/cjs/loader:1414:10)
    at Object.require.extensions.<computed> [as .ts] (/Users/macbook/Desktop/users-service/node_modules/ts-node/src/index.ts:1621:12)
    at Module.load (node:internal/modules/cjs/loader:1197:32)
    at Function.Module._load (node:internal/modules/cjs/loader:1013:12)
    at Module.require (node:internal/modules/cjs/loader:1225:19) [unkown-service] development 2024-07-09T02:13:40.156Z
[31merror[39m: uncaughtException: тип Unable to compile TypeScript:
[96msrc/controllers/UserController/index.ts[0m:[93m79[0m:[93m9[0m - [91merror[0m[90m TS2339: [0mProperty 'status' does not exist on type 'IUserModel & { _id: ObjectId; }'.

[7m79[0m    user.status = 'ACTIVE'
[7m  [0m [91m        ~~~~~~[0m

TSError: тип Unable to compile TypeScript:
[96msrc/controllers/UserController/index.ts[0m:[93m79[0m:[93m9[0m - [91merror[0m[90m TS2339: [0mProperty 'status' does not exist on type 'IUserModel & { _id: ObjectId; }'.

[7m79[0m    user.status = 'ACTIVE'
[7m  [0m [91m        ~~~~~~[0m

    at createTSError (/Users/macbook/Desktop/users-service/node_modules/ts-node/src/index.ts:859:12)
    at reportTSError (/Users/macbook/Desktop/users-service/node_modules/ts-node/src/index.ts:863:19)
    at getOutput (/Users/macbook/Desktop/users-service/node_modules/ts-node/src/index.ts:1077:36)
    at Object.compile (/Users/macbook/Desktop/users-service/node_modules/ts-node/src/index.ts:1433:41)
    at Module.m._compile (/Users/macbook/Desktop/users-service/node_modules/ts-node/src/index.ts:1617:30)
    at Module._extensions..js (node:internal/modules/cjs/loader:1414:10)
    at Object.require.extensions.<computed> [as .ts] (/Users/macbook/Desktop/users-service/node_modules/ts-node/src/index.ts:1621:12)
    at Module.load (node:internal/modules/cjs/loader:1197:32)
    at Function.Module._load (node:internal/modules/cjs/loader:1013:12)
    at Module.require (node:internal/modules/cjs/loader:1225:19) [unkown-service] development 2024-07-09 03:13:50
error: uncaughtException: тип Unable to compile TypeScript:
[96msrc/controllers/UserController/index.ts[0m:[93m79[0m:[93m9[0m - [91merror[0m[90m TS2339: [0mProperty 'status' does not exist on type 'IUserModel & { _id: ObjectId; }'.

[7m79[0m    user.status = 'ACTIVE'
[7m  [0m [91m        ~~~~~~[0m

TSError: тип Unable to compile TypeScript:
[96msrc/controllers/UserController/index.ts[0m:[93m79[0m:[93m9[0m - [91merror[0m[90m TS2339: [0mProperty 'status' does not exist on type 'IUserModel & { _id: ObjectId; }'.

[7m79[0m    user.status = 'ACTIVE'
[7m  [0m [91m        ~~~~~~[0m

    at createTSError (/Users/macbook/Desktop/users-service/node_modules/ts-node/src/index.ts:859:12)
    at reportTSError (/Users/macbook/Desktop/users-service/node_modules/ts-node/src/index.ts:863:19)
    at getOutput (/Users/macbook/Desktop/users-service/node_modules/ts-node/src/index.ts:1077:36)
    at Object.compile (/Users/macbook/Desktop/users-service/node_modules/ts-node/src/index.ts:1433:41)
    at Module.m._compile (/Users/macbook/Desktop/users-service/node_modules/ts-node/src/index.ts:1617:30)
    at Module._extensions..js (node:internal/modules/cjs/loader:1414:10)
    at Object.require.extensions.<computed> [as .ts] (/Users/macbook/Desktop/users-service/node_modules/ts-node/src/index.ts:1621:12)
    at Module.load (node:internal/modules/cjs/loader:1197:32)
    at Function.Module._load (node:internal/modules/cjs/loader:1013:12)
    at Module.require (node:internal/modules/cjs/loader:1225:19) [unkown-service] development 2024-07-09T02:13:50.297Z
[31merror[39m: uncaughtException: тип Unable to compile TypeScript:
[96msrc/controllers/UserController/index.ts[0m:[93m74[0m:[93m3[0m - [91merror[0m[90m TS2322: [0mType 'boolean' is not assignable to type 'string'.

[7m74[0m   user.status = !user.status;
[7m  [0m [91m  ~~~~~~~~~~~[0m

TSError: тип Unable to compile TypeScript:
[96msrc/controllers/UserController/index.ts[0m:[93m74[0m:[93m3[0m - [91merror[0m[90m TS2322: [0mType 'boolean' is not assignable to type 'string'.

[7m74[0m   user.status = !user.status;
[7m  [0m [91m  ~~~~~~~~~~~[0m

    at createTSError (/Users/macbook/Desktop/users-service/node_modules/ts-node/src/index.ts:859:12)
    at reportTSError (/Users/macbook/Desktop/users-service/node_modules/ts-node/src/index.ts:863:19)
    at getOutput (/Users/macbook/Desktop/users-service/node_modules/ts-node/src/index.ts:1077:36)
    at Object.compile (/Users/macbook/Desktop/users-service/node_modules/ts-node/src/index.ts:1433:41)
    at Module.m._compile (/Users/macbook/Desktop/users-service/node_modules/ts-node/src/index.ts:1617:30)
    at Module._extensions..js (node:internal/modules/cjs/loader:1414:10)
    at Object.require.extensions.<computed> [as .ts] (/Users/macbook/Desktop/users-service/node_modules/ts-node/src/index.ts:1621:12)
    at Module.load (node:internal/modules/cjs/loader:1197:32)
    at Function.Module._load (node:internal/modules/cjs/loader:1013:12)
    at Module.require (node:internal/modules/cjs/loader:1225:19) [unkown-service] development 2024-07-09 03:14:42
error: uncaughtException: тип Unable to compile TypeScript:
[96msrc/controllers/UserController/index.ts[0m:[93m74[0m:[93m3[0m - [91merror[0m[90m TS2322: [0mType 'boolean' is not assignable to type 'string'.

[7m74[0m   user.status = !user.status;
[7m  [0m [91m  ~~~~~~~~~~~[0m

TSError: тип Unable to compile TypeScript:
[96msrc/controllers/UserController/index.ts[0m:[93m74[0m:[93m3[0m - [91merror[0m[90m TS2322: [0mType 'boolean' is not assignable to type 'string'.

[7m74[0m   user.status = !user.status;
[7m  [0m [91m  ~~~~~~~~~~~[0m

    at createTSError (/Users/macbook/Desktop/users-service/node_modules/ts-node/src/index.ts:859:12)
    at reportTSError (/Users/macbook/Desktop/users-service/node_modules/ts-node/src/index.ts:863:19)
    at getOutput (/Users/macbook/Desktop/users-service/node_modules/ts-node/src/index.ts:1077:36)
    at Object.compile (/Users/macbook/Desktop/users-service/node_modules/ts-node/src/index.ts:1433:41)
    at Module.m._compile (/Users/macbook/Desktop/users-service/node_modules/ts-node/src/index.ts:1617:30)
    at Module._extensions..js (node:internal/modules/cjs/loader:1414:10)
    at Object.require.extensions.<computed> [as .ts] (/Users/macbook/Desktop/users-service/node_modules/ts-node/src/index.ts:1621:12)
    at Module.load (node:internal/modules/cjs/loader:1197:32)
    at Function.Module._load (node:internal/modules/cjs/loader:1013:12)
    at Module.require (node:internal/modules/cjs/loader:1225:19) [unkown-service] development 2024-07-09T02:14:42.940Z
[31merror[39m: uncaughtException: тип Unable to compile TypeScript:
[96msrc/controllers/UserController/index.ts[0m:[93m74[0m:[93m3[0m - [91merror[0m[90m TS2322: [0mType 'boolean' is not assignable to type 'string'.

[7m74[0m   user.status = user.status === ;
[7m  [0m [91m  ~~~~~~~~~~~[0m
[96msrc/controllers/UserController/index.ts[0m:[93m74[0m:[93m33[0m - [91merror[0m[90m TS1109: [0mExpression expected.

[7m74[0m   user.status = user.status === ;
[7m  [0m [91m                                ~[0m

TSError: тип Unable to compile TypeScript:
[96msrc/controllers/UserController/index.ts[0m:[93m74[0m:[93m3[0m - [91merror[0m[90m TS2322: [0mType 'boolean' is not assignable to type 'string'.

[7m74[0m   user.status = user.status === ;
[7m  [0m [91m  ~~~~~~~~~~~[0m
[96msrc/controllers/UserController/index.ts[0m:[93m74[0m:[93m33[0m - [91merror[0m[90m TS1109: [0mExpression expected.

[7m74[0m   user.status = user.status === ;
[7m  [0m [91m                                ~[0m

    at createTSError (/Users/macbook/Desktop/users-service/node_modules/ts-node/src/index.ts:859:12)
    at reportTSError (/Users/macbook/Desktop/users-service/node_modules/ts-node/src/index.ts:863:19)
    at getOutput (/Users/macbook/Desktop/users-service/node_modules/ts-node/src/index.ts:1077:36)
    at Object.compile (/Users/macbook/Desktop/users-service/node_modules/ts-node/src/index.ts:1433:41)
    at Module.m._compile (/Users/macbook/Desktop/users-service/node_modules/ts-node/src/index.ts:1617:30)
    at Module._extensions..js (node:internal/modules/cjs/loader:1414:10)
    at Object.require.extensions.<computed> [as .ts] (/Users/macbook/Desktop/users-service/node_modules/ts-node/src/index.ts:1621:12)
    at Module.load (node:internal/modules/cjs/loader:1197:32)
    at Function.Module._load (node:internal/modules/cjs/loader:1013:12)
    at Module.require (node:internal/modules/cjs/loader:1225:19) [unkown-service] development 2024-07-09 03:15:19
error: uncaughtException: тип Unable to compile TypeScript:
[96msrc/controllers/UserController/index.ts[0m:[93m74[0m:[93m3[0m - [91merror[0m[90m TS2322: [0mType 'boolean' is not assignable to type 'string'.

[7m74[0m   user.status = user.status === ;
[7m  [0m [91m  ~~~~~~~~~~~[0m
[96msrc/controllers/UserController/index.ts[0m:[93m74[0m:[93m33[0m - [91merror[0m[90m TS1109: [0mExpression expected.

[7m74[0m   user.status = user.status === ;
[7m  [0m [91m                                ~[0m

TSError: тип Unable to compile TypeScript:
[96msrc/controllers/UserController/index.ts[0m:[93m74[0m:[93m3[0m - [91merror[0m[90m TS2322: [0mType 'boolean' is not assignable to type 'string'.

[7m74[0m   user.status = user.status === ;
[7m  [0m [91m  ~~~~~~~~~~~[0m
[96msrc/controllers/UserController/index.ts[0m:[93m74[0m:[93m33[0m - [91merror[0m[90m TS1109: [0mExpression expected.

[7m74[0m   user.status = user.status === ;
[7m  [0m [91m                                ~[0m

    at createTSError (/Users/macbook/Desktop/users-service/node_modules/ts-node/src/index.ts:859:12)
    at reportTSError (/Users/macbook/Desktop/users-service/node_modules/ts-node/src/index.ts:863:19)
    at getOutput (/Users/macbook/Desktop/users-service/node_modules/ts-node/src/index.ts:1077:36)
    at Object.compile (/Users/macbook/Desktop/users-service/node_modules/ts-node/src/index.ts:1433:41)
    at Module.m._compile (/Users/macbook/Desktop/users-service/node_modules/ts-node/src/index.ts:1617:30)
    at Module._extensions..js (node:internal/modules/cjs/loader:1414:10)
    at Object.require.extensions.<computed> [as .ts] (/Users/macbook/Desktop/users-service/node_modules/ts-node/src/index.ts:1621:12)
    at Module.load (node:internal/modules/cjs/loader:1197:32)
    at Function.Module._load (node:internal/modules/cjs/loader:1013:12)
    at Module.require (node:internal/modules/cjs/loader:1225:19) [unkown-service] development 2024-07-09T02:15:19.422Z
[31merror[39m: uncaughtException: тип Unable to compile TypeScript:
[96msrc/controllers/UserController/index.ts[0m:[93m70[0m:[93m40[0m - [91merror[0m[90m TS2554: [0mExpected 1 arguments, but got 0.

[7m70[0m   const user = await User.findById(id).select();
[7m  [0m [91m                                       ~~~~~~~~[0m

  [96mnode_modules/mongoose/types/query.d.ts[0m:[93m556[0m:[93m12[0m
    [7m556[0m     select(arg: string | any): this;
    [7m   [0m [96m           ~~~~~~~~~~~~~~~~~[0m
    An argument for 'arg' was not provided.

TSError: тип Unable to compile TypeScript:
[96msrc/controllers/UserController/index.ts[0m:[93m70[0m:[93m40[0m - [91merror[0m[90m TS2554: [0mExpected 1 arguments, but got 0.

[7m70[0m   const user = await User.findById(id).select();
[7m  [0m [91m                                       ~~~~~~~~[0m

  [96mnode_modules/mongoose/types/query.d.ts[0m:[93m556[0m:[93m12[0m
    [7m556[0m     select(arg: string | any): this;
    [7m   [0m [96m           ~~~~~~~~~~~~~~~~~[0m
    An argument for 'arg' was not provided.

    at createTSError (/Users/macbook/Desktop/users-service/node_modules/ts-node/src/index.ts:859:12)
    at reportTSError (/Users/macbook/Desktop/users-service/node_modules/ts-node/src/index.ts:863:19)
    at getOutput (/Users/macbook/Desktop/users-service/node_modules/ts-node/src/index.ts:1077:36)
    at Object.compile (/Users/macbook/Desktop/users-service/node_modules/ts-node/src/index.ts:1433:41)
    at Module.m._compile (/Users/macbook/Desktop/users-service/node_modules/ts-node/src/index.ts:1617:30)
    at Module._extensions..js (node:internal/modules/cjs/loader:1414:10)
    at Object.require.extensions.<computed> [as .ts] (/Users/macbook/Desktop/users-service/node_modules/ts-node/src/index.ts:1621:12)
    at Module.load (node:internal/modules/cjs/loader:1197:32)
    at Function.Module._load (node:internal/modules/cjs/loader:1013:12)
    at Module.require (node:internal/modules/cjs/loader:1225:19) [unkown-service] development 2024-07-09 03:16:56
error: uncaughtException: тип Unable to compile TypeScript:
[96msrc/controllers/UserController/index.ts[0m:[93m70[0m:[93m40[0m - [91merror[0m[90m TS2554: [0mExpected 1 arguments, but got 0.

[7m70[0m   const user = await User.findById(id).select();
[7m  [0m [91m                                       ~~~~~~~~[0m

  [96mnode_modules/mongoose/types/query.d.ts[0m:[93m556[0m:[93m12[0m
    [7m556[0m     select(arg: string | any): this;
    [7m   [0m [96m           ~~~~~~~~~~~~~~~~~[0m
    An argument for 'arg' was not provided.

TSError: тип Unable to compile TypeScript:
[96msrc/controllers/UserController/index.ts[0m:[93m70[0m:[93m40[0m - [91merror[0m[90m TS2554: [0mExpected 1 arguments, but got 0.

[7m70[0m   const user = await User.findById(id).select();
[7m  [0m [91m                                       ~~~~~~~~[0m

  [96mnode_modules/mongoose/types/query.d.ts[0m:[93m556[0m:[93m12[0m
    [7m556[0m     select(arg: string | any): this;
    [7m   [0m [96m           ~~~~~~~~~~~~~~~~~[0m
    An argument for 'arg' was not provided.

    at createTSError (/Users/macbook/Desktop/users-service/node_modules/ts-node/src/index.ts:859:12)
    at reportTSError (/Users/macbook/Desktop/users-service/node_modules/ts-node/src/index.ts:863:19)
    at getOutput (/Users/macbook/Desktop/users-service/node_modules/ts-node/src/index.ts:1077:36)
    at Object.compile (/Users/macbook/Desktop/users-service/node_modules/ts-node/src/index.ts:1433:41)
    at Module.m._compile (/Users/macbook/Desktop/users-service/node_modules/ts-node/src/index.ts:1617:30)
    at Module._extensions..js (node:internal/modules/cjs/loader:1414:10)
    at Object.require.extensions.<computed> [as .ts] (/Users/macbook/Desktop/users-service/node_modules/ts-node/src/index.ts:1621:12)
    at Module.load (node:internal/modules/cjs/loader:1197:32)
    at Function.Module._load (node:internal/modules/cjs/loader:1013:12)
    at Module.require (node:internal/modules/cjs/loader:1225:19) [unkown-service] development 2024-07-09T02:16:56.836Z
[31merror[39m: uncaughtException: тип Unable to compile TypeScript:
[96msrc/utils/swagger.ts[0m:[93m19[0m:[93m26[0m - [91merror[0m[90m TS2724: [0m'"../documentation/users"' has no exported member named 'deactivateUserBody'. Did you mean 'deactivateUser'?

[7m19[0m import { deactivateUser, deactivateUserBody } from "../documentation/users";
[7m  [0m [91m                         ~~~~~~~~~~~~~~~~~~[0m

TSError: тип Unable to compile TypeScript:
[96msrc/utils/swagger.ts[0m:[93m19[0m:[93m26[0m - [91merror[0m[90m TS2724: [0m'"../documentation/users"' has no exported member named 'deactivateUserBody'. Did you mean 'deactivateUser'?

[7m19[0m import { deactivateUser, deactivateUserBody } from "../documentation/users";
[7m  [0m [91m                         ~~~~~~~~~~~~~~~~~~[0m

    at createTSError (/Users/macbook/Desktop/users-service/node_modules/ts-node/src/index.ts:859:12)
    at reportTSError (/Users/macbook/Desktop/users-service/node_modules/ts-node/src/index.ts:863:19)
    at getOutput (/Users/macbook/Desktop/users-service/node_modules/ts-node/src/index.ts:1077:36)
    at Object.compile (/Users/macbook/Desktop/users-service/node_modules/ts-node/src/index.ts:1433:41)
    at Module.m._compile (/Users/macbook/Desktop/users-service/node_modules/ts-node/src/index.ts:1617:30)
    at Module._extensions..js (node:internal/modules/cjs/loader:1414:10)
    at Object.require.extensions.<computed> [as .ts] (/Users/macbook/Desktop/users-service/node_modules/ts-node/src/index.ts:1621:12)
    at Module.load (node:internal/modules/cjs/loader:1197:32)
    at Function.Module._load (node:internal/modules/cjs/loader:1013:12)
    at Module.require (node:internal/modules/cjs/loader:1225:19) [unkown-service] development 2024-07-09 04:01:25
error: uncaughtException: тип Unable to compile TypeScript:
[96msrc/utils/swagger.ts[0m:[93m19[0m:[93m26[0m - [91merror[0m[90m TS2724: [0m'"../documentation/users"' has no exported member named 'deactivateUserBody'. Did you mean 'deactivateUser'?

[7m19[0m import { deactivateUser, deactivateUserBody } from "../documentation/users";
[7m  [0m [91m                         ~~~~~~~~~~~~~~~~~~[0m

TSError: тип Unable to compile TypeScript:
[96msrc/utils/swagger.ts[0m:[93m19[0m:[93m26[0m - [91merror[0m[90m TS2724: [0m'"../documentation/users"' has no exported member named 'deactivateUserBody'. Did you mean 'deactivateUser'?

[7m19[0m import { deactivateUser, deactivateUserBody } from "../documentation/users";
[7m  [0m [91m                         ~~~~~~~~~~~~~~~~~~[0m

    at createTSError (/Users/macbook/Desktop/users-service/node_modules/ts-node/src/index.ts:859:12)
    at reportTSError (/Users/macbook/Desktop/users-service/node_modules/ts-node/src/index.ts:863:19)
    at getOutput (/Users/macbook/Desktop/users-service/node_modules/ts-node/src/index.ts:1077:36)
    at Object.compile (/Users/macbook/Desktop/users-service/node_modules/ts-node/src/index.ts:1433:41)
    at Module.m._compile (/Users/macbook/Desktop/users-service/node_modules/ts-node/src/index.ts:1617:30)
    at Module._extensions..js (node:internal/modules/cjs/loader:1414:10)
    at Object.require.extensions.<computed> [as .ts] (/Users/macbook/Desktop/users-service/node_modules/ts-node/src/index.ts:1621:12)
    at Module.load (node:internal/modules/cjs/loader:1197:32)
    at Function.Module._load (node:internal/modules/cjs/loader:1013:12)
    at Module.require (node:internal/modules/cjs/loader:1225:19) [unkown-service] development 2024-07-09T03:01:25.063Z
[31merror[39m: uncaughtException: тип Unable to compile TypeScript:
[96msrc/utils/swagger.ts[0m:[93m19[0m:[93m26[0m - [91merror[0m[90m TS2724: [0m'"../documentation/users"' has no exported member named 'deactivateUserBody'. Did you mean 'deactivateUser'?

[7m19[0m import { deactivateUser, deactivateUserBody } from "../documentation/users";
[7m  [0m [91m                         ~~~~~~~~~~~~~~~~~~[0m

TSError: тип Unable to compile TypeScript:
[96msrc/utils/swagger.ts[0m:[93m19[0m:[93m26[0m - [91merror[0m[90m TS2724: [0m'"../documentation/users"' has no exported member named 'deactivateUserBody'. Did you mean 'deactivateUser'?

[7m19[0m import { deactivateUser, deactivateUserBody } from "../documentation/users";
[7m  [0m [91m                         ~~~~~~~~~~~~~~~~~~[0m

    at createTSError (/Users/macbook/Desktop/users-service/node_modules/ts-node/src/index.ts:859:12)
    at reportTSError (/Users/macbook/Desktop/users-service/node_modules/ts-node/src/index.ts:863:19)
    at getOutput (/Users/macbook/Desktop/users-service/node_modules/ts-node/src/index.ts:1077:36)
    at Object.compile (/Users/macbook/Desktop/users-service/node_modules/ts-node/src/index.ts:1433:41)
    at Module.m._compile (/Users/macbook/Desktop/users-service/node_modules/ts-node/src/index.ts:1617:30)
    at Module._extensions..js (node:internal/modules/cjs/loader:1414:10)
    at Object.require.extensions.<computed> [as .ts] (/Users/macbook/Desktop/users-service/node_modules/ts-node/src/index.ts:1621:12)
    at Module.load (node:internal/modules/cjs/loader:1197:32)
    at Function.Module._load (node:internal/modules/cjs/loader:1013:12)
    at Module.require (node:internal/modules/cjs/loader:1225:19) [unkown-service] development 2024-07-09 04:01:29
error: uncaughtException: тип Unable to compile TypeScript:
[96msrc/utils/swagger.ts[0m:[93m19[0m:[93m26[0m - [91merror[0m[90m TS2724: [0m'"../documentation/users"' has no exported member named 'deactivateUserBody'. Did you mean 'deactivateUser'?

[7m19[0m import { deactivateUser, deactivateUserBody } from "../documentation/users";
[7m  [0m [91m                         ~~~~~~~~~~~~~~~~~~[0m

TSError: тип Unable to compile TypeScript:
[96msrc/utils/swagger.ts[0m:[93m19[0m:[93m26[0m - [91merror[0m[90m TS2724: [0m'"../documentation/users"' has no exported member named 'deactivateUserBody'. Did you mean 'deactivateUser'?

[7m19[0m import { deactivateUser, deactivateUserBody } from "../documentation/users";
[7m  [0m [91m                         ~~~~~~~~~~~~~~~~~~[0m

    at createTSError (/Users/macbook/Desktop/users-service/node_modules/ts-node/src/index.ts:859:12)
    at reportTSError (/Users/macbook/Desktop/users-service/node_modules/ts-node/src/index.ts:863:19)
    at getOutput (/Users/macbook/Desktop/users-service/node_modules/ts-node/src/index.ts:1077:36)
    at Object.compile (/Users/macbook/Desktop/users-service/node_modules/ts-node/src/index.ts:1433:41)
    at Module.m._compile (/Users/macbook/Desktop/users-service/node_modules/ts-node/src/index.ts:1617:30)
    at Module._extensions..js (node:internal/modules/cjs/loader:1414:10)
    at Object.require.extensions.<computed> [as .ts] (/Users/macbook/Desktop/users-service/node_modules/ts-node/src/index.ts:1621:12)
    at Module.load (node:internal/modules/cjs/loader:1197:32)
    at Function.Module._load (node:internal/modules/cjs/loader:1013:12)
    at Module.require (node:internal/modules/cjs/loader:1225:19) [unkown-service] development 2024-07-09T03:01:29.616Z
[31merror[39m: uncaughtException: тип Unable to compile TypeScript:
[96msrc/utils/swagger.ts[0m:[93m45[0m:[93m5[0m - [91merror[0m[90m TS2552: [0mCannot find name 'deactivateUserBody'. Did you mean 'deactivateUser'?

[7m45[0m     deactivateUserBody,
[7m  [0m [91m    ~~~~~~~~~~~~~~~~~~[0m

TSError: тип Unable to compile TypeScript:
[96msrc/utils/swagger.ts[0m:[93m45[0m:[93m5[0m - [91merror[0m[90m TS2552: [0mCannot find name 'deactivateUserBody'. Did you mean 'deactivateUser'?

[7m45[0m     deactivateUserBody,
[7m  [0m [91m    ~~~~~~~~~~~~~~~~~~[0m

    at createTSError (/Users/macbook/Desktop/users-service/node_modules/ts-node/src/index.ts:859:12)
    at reportTSError (/Users/macbook/Desktop/users-service/node_modules/ts-node/src/index.ts:863:19)
    at getOutput (/Users/macbook/Desktop/users-service/node_modules/ts-node/src/index.ts:1077:36)
    at Object.compile (/Users/macbook/Desktop/users-service/node_modules/ts-node/src/index.ts:1433:41)
    at Module.m._compile (/Users/macbook/Desktop/users-service/node_modules/ts-node/src/index.ts:1617:30)
    at Module._extensions..js (node:internal/modules/cjs/loader:1414:10)
    at Object.require.extensions.<computed> [as .ts] (/Users/macbook/Desktop/users-service/node_modules/ts-node/src/index.ts:1621:12)
    at Module.load (node:internal/modules/cjs/loader:1197:32)
    at Function.Module._load (node:internal/modules/cjs/loader:1013:12)
    at Module.require (node:internal/modules/cjs/loader:1225:19) [unkown-service] development 2024-07-09 04:01:43
error: uncaughtException: тип Unable to compile TypeScript:
[96msrc/utils/swagger.ts[0m:[93m45[0m:[93m5[0m - [91merror[0m[90m TS2552: [0mCannot find name 'deactivateUserBody'. Did you mean 'deactivateUser'?

[7m45[0m     deactivateUserBody,
[7m  [0m [91m    ~~~~~~~~~~~~~~~~~~[0m

TSError: тип Unable to compile TypeScript:
[96msrc/utils/swagger.ts[0m:[93m45[0m:[93m5[0m - [91merror[0m[90m TS2552: [0mCannot find name 'deactivateUserBody'. Did you mean 'deactivateUser'?

[7m45[0m     deactivateUserBody,
[7m  [0m [91m    ~~~~~~~~~~~~~~~~~~[0m

    at createTSError (/Users/macbook/Desktop/users-service/node_modules/ts-node/src/index.ts:859:12)
    at reportTSError (/Users/macbook/Desktop/users-service/node_modules/ts-node/src/index.ts:863:19)
    at getOutput (/Users/macbook/Desktop/users-service/node_modules/ts-node/src/index.ts:1077:36)
    at Object.compile (/Users/macbook/Desktop/users-service/node_modules/ts-node/src/index.ts:1433:41)
    at Module.m._compile (/Users/macbook/Desktop/users-service/node_modules/ts-node/src/index.ts:1617:30)
    at Module._extensions..js (node:internal/modules/cjs/loader:1414:10)
    at Object.require.extensions.<computed> [as .ts] (/Users/macbook/Desktop/users-service/node_modules/ts-node/src/index.ts:1621:12)
    at Module.load (node:internal/modules/cjs/loader:1197:32)
    at Function.Module._load (node:internal/modules/cjs/loader:1013:12)
    at Module.require (node:internal/modules/cjs/loader:1225:19) [unkown-service] development 2024-07-09T03:01:43.574Z
[31merror[39m: uncaughtException: тип Unable to compile TypeScript:
[96msrc/documentation/users/deactivateuser.docs.ts[0m:[93m36[0m:[93m26[0m - [91merror[0m[90m TS2552: [0mCannot find name 'deactivateUserPath'. Did you mean 'deactivateUserpath'?

[7m36[0m export { deactivateUser, deactivateUserPath };
[7m  [0m [91m                         ~~~~~~~~~~~~~~~~~~[0m

  [96msrc/documentation/users/deactivateuser.docs.ts[0m:[93m3[0m:[93m7[0m
    [7m3[0m const deactivateUserpath = {
    [7m [0m [96m      ~~~~~~~~~~~~~~~~~~[0m
    'deactivateUserpath' is declared here.

TSError: тип Unable to compile TypeScript:
[96msrc/documentation/users/deactivateuser.docs.ts[0m:[93m36[0m:[93m26[0m - [91merror[0m[90m TS2552: [0mCannot find name 'deactivateUserPath'. Did you mean 'deactivateUserpath'?

[7m36[0m export { deactivateUser, deactivateUserPath };
[7m  [0m [91m                         ~~~~~~~~~~~~~~~~~~[0m

  [96msrc/documentation/users/deactivateuser.docs.ts[0m:[93m3[0m:[93m7[0m
    [7m3[0m const deactivateUserpath = {
    [7m [0m [96m      ~~~~~~~~~~~~~~~~~~[0m
    'deactivateUserpath' is declared here.

    at createTSError (/Users/macbook/Desktop/users-service/node_modules/ts-node/src/index.ts:859:12)
    at reportTSError (/Users/macbook/Desktop/users-service/node_modules/ts-node/src/index.ts:863:19)
    at getOutput (/Users/macbook/Desktop/users-service/node_modules/ts-node/src/index.ts:1077:36)
    at Object.compile (/Users/macbook/Desktop/users-service/node_modules/ts-node/src/index.ts:1433:41)
    at Module.m._compile (/Users/macbook/Desktop/users-service/node_modules/ts-node/src/index.ts:1617:30)
    at Module._extensions..js (node:internal/modules/cjs/loader:1414:10)
    at Object.require.extensions.<computed> [as .ts] (/Users/macbook/Desktop/users-service/node_modules/ts-node/src/index.ts:1621:12)
    at Module.load (node:internal/modules/cjs/loader:1197:32)
    at Function.Module._load (node:internal/modules/cjs/loader:1013:12)
    at Module.require (node:internal/modules/cjs/loader:1225:19) [unkown-service] development 2024-07-09 04:01:49
error: uncaughtException: тип Unable to compile TypeScript:
[96msrc/documentation/users/deactivateuser.docs.ts[0m:[93m36[0m:[93m26[0m - [91merror[0m[90m TS2552: [0mCannot find name 'deactivateUserPath'. Did you mean 'deactivateUserpath'?

[7m36[0m export { deactivateUser, deactivateUserPath };
[7m  [0m [91m                         ~~~~~~~~~~~~~~~~~~[0m

  [96msrc/documentation/users/deactivateuser.docs.ts[0m:[93m3[0m:[93m7[0m
    [7m3[0m const deactivateUserpath = {
    [7m [0m [96m      ~~~~~~~~~~~~~~~~~~[0m
    'deactivateUserpath' is declared here.

TSError: тип Unable to compile TypeScript:
[96msrc/documentation/users/deactivateuser.docs.ts[0m:[93m36[0m:[93m26[0m - [91merror[0m[90m TS2552: [0mCannot find name 'deactivateUserPath'. Did you mean 'deactivateUserpath'?

[7m36[0m export { deactivateUser, deactivateUserPath };
[7m  [0m [91m                         ~~~~~~~~~~~~~~~~~~[0m

  [96msrc/documentation/users/deactivateuser.docs.ts[0m:[93m3[0m:[93m7[0m
    [7m3[0m const deactivateUserpath = {
    [7m [0m [96m      ~~~~~~~~~~~~~~~~~~[0m
    'deactivateUserpath' is declared here.

    at createTSError (/Users/macbook/Desktop/users-service/node_modules/ts-node/src/index.ts:859:12)
    at reportTSError (/Users/macbook/Desktop/users-service/node_modules/ts-node/src/index.ts:863:19)
    at getOutput (/Users/macbook/Desktop/users-service/node_modules/ts-node/src/index.ts:1077:36)
    at Object.compile (/Users/macbook/Desktop/users-service/node_modules/ts-node/src/index.ts:1433:41)
    at Module.m._compile (/Users/macbook/Desktop/users-service/node_modules/ts-node/src/index.ts:1617:30)
    at Module._extensions..js (node:internal/modules/cjs/loader:1414:10)
    at Object.require.extensions.<computed> [as .ts] (/Users/macbook/Desktop/users-service/node_modules/ts-node/src/index.ts:1621:12)
    at Module.load (node:internal/modules/cjs/loader:1197:32)
    at Function.Module._load (node:internal/modules/cjs/loader:1013:12)
    at Module.require (node:internal/modules/cjs/loader:1225:19) [unkown-service] development 2024-07-09T03:01:49.361Z
[31merror[39m: uncaughtException: тип Unable to compile TypeScript:
[96msrc/utils/generateReferralTree.ts[0m:[93m2[0m:[93m41[0m - [91merror[0m[90m TS2355: [0mA function whose declared type is neither 'void' nor 'any' must return a value.

[7m2[0m export function generateReferralTree(): Promise<void> {
[7m [0m [91m                                        ~~~~~~~~~~~~~[0m

TSError: тип Unable to compile TypeScript:
[96msrc/utils/generateReferralTree.ts[0m:[93m2[0m:[93m41[0m - [91merror[0m[90m TS2355: [0mA function whose declared type is neither 'void' nor 'any' must return a value.

[7m2[0m export function generateReferralTree(): Promise<void> {
[7m [0m [91m                                        ~~~~~~~~~~~~~[0m

    at createTSError (/Users/superuser/work/traderapp/users-service/node_modules/ts-node/src/index.ts:859:12)
    at reportTSError (/Users/superuser/work/traderapp/users-service/node_modules/ts-node/src/index.ts:863:19)
    at getOutput (/Users/superuser/work/traderapp/users-service/node_modules/ts-node/src/index.ts:1077:36)
    at Object.compile (/Users/superuser/work/traderapp/users-service/node_modules/ts-node/src/index.ts:1433:41)
    at Module.m._compile (/Users/superuser/work/traderapp/users-service/node_modules/ts-node/src/index.ts:1617:30)
    at Module._extensions..js (node:internal/modules/cjs/loader:1416:10)
    at Object.require.extensions.<computed> [as .ts] (/Users/superuser/work/traderapp/users-service/node_modules/ts-node/src/index.ts:1621:12)
    at Module.load (node:internal/modules/cjs/loader:1208:32)
    at Function.Module._load (node:internal/modules/cjs/loader:1024:12)
    at Module.require (node:internal/modules/cjs/loader:1233:19) [users-service] staging 2024-10-04 09:16:48
error: uncaughtException: тип Unable to compile TypeScript:
[96msrc/utils/generateReferralTree.ts[0m:[93m2[0m:[93m41[0m - [91merror[0m[90m TS2355: [0mA function whose declared type is neither 'void' nor 'any' must return a value.

[7m2[0m export function generateReferralTree(): Promise<void> {
[7m [0m [91m                                        ~~~~~~~~~~~~~[0m

TSError: тип Unable to compile TypeScript:
[96msrc/utils/generateReferralTree.ts[0m:[93m2[0m:[93m41[0m - [91merror[0m[90m TS2355: [0mA function whose declared type is neither 'void' nor 'any' must return a value.

[7m2[0m export function generateReferralTree(): Promise<void> {
[7m [0m [91m                                        ~~~~~~~~~~~~~[0m

    at createTSError (/Users/superuser/work/traderapp/users-service/node_modules/ts-node/src/index.ts:859:12)
    at reportTSError (/Users/superuser/work/traderapp/users-service/node_modules/ts-node/src/index.ts:863:19)
    at getOutput (/Users/superuser/work/traderapp/users-service/node_modules/ts-node/src/index.ts:1077:36)
    at Object.compile (/Users/superuser/work/traderapp/users-service/node_modules/ts-node/src/index.ts:1433:41)
    at Module.m._compile (/Users/superuser/work/traderapp/users-service/node_modules/ts-node/src/index.ts:1617:30)
    at Module._extensions..js (node:internal/modules/cjs/loader:1416:10)
    at Object.require.extensions.<computed> [as .ts] (/Users/superuser/work/traderapp/users-service/node_modules/ts-node/src/index.ts:1621:12)
    at Module.load (node:internal/modules/cjs/loader:1208:32)
    at Function.Module._load (node:internal/modules/cjs/loader:1024:12)
    at Module.require (node:internal/modules/cjs/loader:1233:19) [users-service] staging 2024-10-04T08:16:48.881Z
[31merror[39m: uncaughtException: тип Unable to compile TypeScript:
[96msrc/utils/storeRelationships.ts[0m:[93m21[0m:[93m9[0m - [91merror[0m[90m TS7022: [0m'parentRelationship' implicitly has type 'any' because it does not have a type annotation and is referenced directly or indirectly in its own initializer.

[7m21[0m   const parentRelationship = await UserRelationship.findOne({ userId: parentId });
[7m  [0m [91m        ~~~~~~~~~~~~~~~~~~[0m

TSError: тип Unable to compile TypeScript:
[96msrc/utils/storeRelationships.ts[0m:[93m21[0m:[93m9[0m - [91merror[0m[90m TS7022: [0m'parentRelationship' implicitly has type 'any' because it does not have a type annotation and is referenced directly or indirectly in its own initializer.

[7m21[0m   const parentRelationship = await UserRelationship.findOne({ userId: parentId });
[7m  [0m [91m        ~~~~~~~~~~~~~~~~~~[0m

    at createTSError (/Users/superuser/work/traderapp/users-service/node_modules/ts-node/src/index.ts:859:12)
    at reportTSError (/Users/superuser/work/traderapp/users-service/node_modules/ts-node/src/index.ts:863:19)
    at getOutput (/Users/superuser/work/traderapp/users-service/node_modules/ts-node/src/index.ts:1077:36)
    at Object.compile (/Users/superuser/work/traderapp/users-service/node_modules/ts-node/src/index.ts:1433:41)
    at Module.m._compile (/Users/superuser/work/traderapp/users-service/node_modules/ts-node/src/index.ts:1617:30)
    at Module._extensions..js (node:internal/modules/cjs/loader:1416:10)
    at Object.require.extensions.<computed> [as .ts] (/Users/superuser/work/traderapp/users-service/node_modules/ts-node/src/index.ts:1621:12)
    at Module.load (node:internal/modules/cjs/loader:1208:32)
    at Function.Module._load (node:internal/modules/cjs/loader:1024:12)
    at Module.require (node:internal/modules/cjs/loader:1233:19) [users-service] staging 2024-10-04 16:29:48
error: uncaughtException: тип Unable to compile TypeScript:
[96msrc/utils/storeRelationships.ts[0m:[93m21[0m:[93m9[0m - [91merror[0m[90m TS7022: [0m'parentRelationship' implicitly has type 'any' because it does not have a type annotation and is referenced directly or indirectly in its own initializer.

[7m21[0m   const parentRelationship = await UserRelationship.findOne({ userId: parentId });
[7m  [0m [91m        ~~~~~~~~~~~~~~~~~~[0m

TSError: тип Unable to compile TypeScript:
[96msrc/utils/storeRelationships.ts[0m:[93m21[0m:[93m9[0m - [91merror[0m[90m TS7022: [0m'parentRelationship' implicitly has type 'any' because it does not have a type annotation and is referenced directly or indirectly in its own initializer.

[7m21[0m   const parentRelationship = await UserRelationship.findOne({ userId: parentId });
[7m  [0m [91m        ~~~~~~~~~~~~~~~~~~[0m

    at createTSError (/Users/superuser/work/traderapp/users-service/node_modules/ts-node/src/index.ts:859:12)
    at reportTSError (/Users/superuser/work/traderapp/users-service/node_modules/ts-node/src/index.ts:863:19)
    at getOutput (/Users/superuser/work/traderapp/users-service/node_modules/ts-node/src/index.ts:1077:36)
    at Object.compile (/Users/superuser/work/traderapp/users-service/node_modules/ts-node/src/index.ts:1433:41)
    at Module.m._compile (/Users/superuser/work/traderapp/users-service/node_modules/ts-node/src/index.ts:1617:30)
    at Module._extensions..js (node:internal/modules/cjs/loader:1416:10)
    at Object.require.extensions.<computed> [as .ts] (/Users/superuser/work/traderapp/users-service/node_modules/ts-node/src/index.ts:1621:12)
    at Module.load (node:internal/modules/cjs/loader:1208:32)
    at Function.Module._load (node:internal/modules/cjs/loader:1024:12)
    at Module.require (node:internal/modules/cjs/loader:1233:19) [users-service] staging 2024-10-04T15:29:48.418Z
[31merror[39m: uncaughtException: тип Unable to compile TypeScript:
[96msrc/utils/storeRelationships.ts[0m:[93m25[0m:[93m9[0m - [91merror[0m[90m TS7022: [0m'parentRelationship' implicitly has type 'any' because it does not have a type annotation and is referenced directly or indirectly in its own initializer.

[7m25[0m   const parentRelationship = await UserRelationship.findOne({ userId: parentId });
[7m  [0m [91m        ~~~~~~~~~~~~~~~~~~[0m

TSError: тип Unable to compile TypeScript:
[96msrc/utils/storeRelationships.ts[0m:[93m25[0m:[93m9[0m - [91merror[0m[90m TS7022: [0m'parentRelationship' implicitly has type 'any' because it does not have a type annotation and is referenced directly or indirectly in its own initializer.

[7m25[0m   const parentRelationship = await UserRelationship.findOne({ userId: parentId });
[7m  [0m [91m        ~~~~~~~~~~~~~~~~~~[0m

    at createTSError (/Users/superuser/work/traderapp/users-service/node_modules/ts-node/src/index.ts:859:12)
    at reportTSError (/Users/superuser/work/traderapp/users-service/node_modules/ts-node/src/index.ts:863:19)
    at getOutput (/Users/superuser/work/traderapp/users-service/node_modules/ts-node/src/index.ts:1077:36)
    at Object.compile (/Users/superuser/work/traderapp/users-service/node_modules/ts-node/src/index.ts:1433:41)
    at Module.m._compile (/Users/superuser/work/traderapp/users-service/node_modules/ts-node/src/index.ts:1617:30)
    at Module._extensions..js (node:internal/modules/cjs/loader:1416:10)
    at Object.require.extensions.<computed> [as .ts] (/Users/superuser/work/traderapp/users-service/node_modules/ts-node/src/index.ts:1621:12)
    at Module.load (node:internal/modules/cjs/loader:1208:32)
    at Function.Module._load (node:internal/modules/cjs/loader:1024:12)
    at Module.require (node:internal/modules/cjs/loader:1233:19) [users-service] staging 2024-10-04 16:44:18
error: uncaughtException: тип Unable to compile TypeScript:
[96msrc/utils/storeRelationships.ts[0m:[93m25[0m:[93m9[0m - [91merror[0m[90m TS7022: [0m'parentRelationship' implicitly has type 'any' because it does not have a type annotation and is referenced directly or indirectly in its own initializer.

[7m25[0m   const parentRelationship = await UserRelationship.findOne({ userId: parentId });
[7m  [0m [91m        ~~~~~~~~~~~~~~~~~~[0m

TSError: тип Unable to compile TypeScript:
[96msrc/utils/storeRelationships.ts[0m:[93m25[0m:[93m9[0m - [91merror[0m[90m TS7022: [0m'parentRelationship' implicitly has type 'any' because it does not have a type annotation and is referenced directly or indirectly in its own initializer.

[7m25[0m   const parentRelationship = await UserRelationship.findOne({ userId: parentId });
[7m  [0m [91m        ~~~~~~~~~~~~~~~~~~[0m

    at createTSError (/Users/superuser/work/traderapp/users-service/node_modules/ts-node/src/index.ts:859:12)
    at reportTSError (/Users/superuser/work/traderapp/users-service/node_modules/ts-node/src/index.ts:863:19)
    at getOutput (/Users/superuser/work/traderapp/users-service/node_modules/ts-node/src/index.ts:1077:36)
    at Object.compile (/Users/superuser/work/traderapp/users-service/node_modules/ts-node/src/index.ts:1433:41)
    at Module.m._compile (/Users/superuser/work/traderapp/users-service/node_modules/ts-node/src/index.ts:1617:30)
    at Module._extensions..js (node:internal/modules/cjs/loader:1416:10)
    at Object.require.extensions.<computed> [as .ts] (/Users/superuser/work/traderapp/users-service/node_modules/ts-node/src/index.ts:1621:12)
    at Module.load (node:internal/modules/cjs/loader:1208:32)
    at Function.Module._load (node:internal/modules/cjs/loader:1024:12)
    at Module.require (node:internal/modules/cjs/loader:1233:19) [users-service] staging 2024-10-04T15:44:18.435Z
[31merror[39m: uncaughtException: getaddrinfo ENOTFOUND secretsmanager.eu-west-1.amazonaws.com
Error: getaddrinfo ENOTFOUND secretsmanager.eu-west-1.amazonaws.com
    at GetAddrInfoReqWrap.onlookupall [as oncomplete] (node:dns:120:26) [users-service] staging 2024-10-04 17:05:43
error: uncaughtException: getaddrinfo ENOTFOUND secretsmanager.eu-west-1.amazonaws.com
Error: getaddrinfo ENOTFOUND secretsmanager.eu-west-1.amazonaws.com
    at GetAddrInfoReqWrap.onlookupall [as oncomplete] (node:dns:120:26) [users-service] staging 2024-10-04T16:05:43.600Z
[31merror[39m: uncaughtException: getaddrinfo ENOTFOUND secretsmanager.eu-west-1.amazonaws.com
Error: getaddrinfo ENOTFOUND secretsmanager.eu-west-1.amazonaws.com
    at GetAddrInfoReqWrap.onlookupall [as oncomplete] (node:dns:120:26) [users-service] staging 2024-10-04 17:06:44
error: uncaughtException: getaddrinfo ENOTFOUND secretsmanager.eu-west-1.amazonaws.com
Error: getaddrinfo ENOTFOUND secretsmanager.eu-west-1.amazonaws.com
    at GetAddrInfoReqWrap.onlookupall [as oncomplete] (node:dns:120:26) [users-service] staging 2024-10-04T16:06:44.846Z
[31merror[39m: uncaughtException: getaddrinfo ENOTFOUND secretsmanager.eu-west-1.amazonaws.com
Error: getaddrinfo ENOTFOUND secretsmanager.eu-west-1.amazonaws.com
    at GetAddrInfoReqWrap.onlookupall [as oncomplete] (node:dns:120:26) [users-service] staging 2024-10-04 17:07:01
error: uncaughtException: getaddrinfo ENOTFOUND secretsmanager.eu-west-1.amazonaws.com
Error: getaddrinfo ENOTFOUND secretsmanager.eu-west-1.amazonaws.com
    at GetAddrInfoReqWrap.onlookupall [as oncomplete] (node:dns:120:26) [users-service] staging 2024-10-04T16:07:01.573Z
[31merror[39m: uncaughtException: getaddrinfo ENOTFOUND secretsmanager.eu-west-1.amazonaws.com
Error: getaddrinfo ENOTFOUND secretsmanager.eu-west-1.amazonaws.com
    at GetAddrInfoReqWrap.onlookupall [as oncomplete] (node:dns:120:26) [users-service] staging 2024-10-04 17:07:38
error: uncaughtException: getaddrinfo ENOTFOUND secretsmanager.eu-west-1.amazonaws.com
Error: getaddrinfo ENOTFOUND secretsmanager.eu-west-1.amazonaws.com
    at GetAddrInfoReqWrap.onlookupall [as oncomplete] (node:dns:120:26) [users-service] staging 2024-10-04T16:07:38.313Z
[31merror[39m: uncaughtException: getaddrinfo ENOTFOUND secretsmanager.eu-west-1.amazonaws.com
Error: getaddrinfo ENOTFOUND secretsmanager.eu-west-1.amazonaws.com
    at GetAddrInfoReqWrap.onlookupall [as oncomplete] (node:dns:120:26) [users-service] staging 2024-10-04 17:07:53
error: uncaughtException: getaddrinfo ENOTFOUND secretsmanager.eu-west-1.amazonaws.com
Error: getaddrinfo ENOTFOUND secretsmanager.eu-west-1.amazonaws.com
    at GetAddrInfoReqWrap.onlookupall [as oncomplete] (node:dns:120:26) [users-service] staging 2024-10-04T16:07:53.911Z
[31merror[39m: uncaughtException: getaddrinfo ENOTFOUND secretsmanager.eu-west-1.amazonaws.com
Error: getaddrinfo ENOTFOUND secretsmanager.eu-west-1.amazonaws.com
    at GetAddrInfoReqWrap.onlookupall [as oncomplete] (node:dns:120:26) [users-service] staging 2024-10-04 18:01:37
error: uncaughtException: getaddrinfo ENOTFOUND secretsmanager.eu-west-1.amazonaws.com
Error: getaddrinfo ENOTFOUND secretsmanager.eu-west-1.amazonaws.com
    at GetAddrInfoReqWrap.onlookupall [as oncomplete] (node:dns:120:26) [users-service] staging 2024-10-04T17:01:37.400Z
[31merror[39m: uncaughtException: getaddrinfo ENOTFOUND secretsmanager.eu-west-1.amazonaws.com
Error: getaddrinfo ENOTFOUND secretsmanager.eu-west-1.amazonaws.com
    at GetAddrInfoReqWrap.onlookupall [as oncomplete] (node:dns:120:26) [users-service] staging 2024-10-04 18:02:09
error: uncaughtException: getaddrinfo ENOTFOUND secretsmanager.eu-west-1.amazonaws.com
Error: getaddrinfo ENOTFOUND secretsmanager.eu-west-1.amazonaws.com
    at GetAddrInfoReqWrap.onlookupall [as oncomplete] (node:dns:120:26) [users-service] staging 2024-10-04T17:02:09.158Z
[31merror[39m: uncaughtException: getaddrinfo ENOTFOUND secretsmanager.eu-west-1.amazonaws.com
Error: getaddrinfo ENOTFOUND secretsmanager.eu-west-1.amazonaws.com
    at GetAddrInfoReqWrap.onlookupall [as oncomplete] (node:dns:120:26) [users-service] staging 2024-10-04 18:03:41
error: uncaughtException: getaddrinfo ENOTFOUND secretsmanager.eu-west-1.amazonaws.com
Error: getaddrinfo ENOTFOUND secretsmanager.eu-west-1.amazonaws.com
    at GetAddrInfoReqWrap.onlookupall [as oncomplete] (node:dns:120:26) [users-service] staging 2024-10-04T17:03:41.949Z
